2026-01-22 15:16:58 [INFO] [] [:] c.webapp.demo_app.DemoAppApplication - Starting DemoAppApplication using Java 21.0.3 with PID 8612 (C:\Users\coder\Desktop\demo_app\target\classes started by coder in C:\Users\coder\Desktop\demo_app)
2026-01-22 15:16:58 [INFO] [] [:] c.webapp.demo_app.DemoAppApplication - The following 1 profile is active: "local"
2026-01-22 15:16:59 [INFO] [] [:] o.a.coyote.http11.Http11NioProtocol - Initializing ProtocolHandler ["http-nio-8080"]
2026-01-22 15:16:59 [INFO] [] [:] o.a.catalina.core.StandardService - Starting service [Tomcat]
2026-01-22 15:16:59 [INFO] [] [:] o.a.catalina.core.StandardEngine - Starting Servlet engine: [Apache Tomcat/11.0.15]
2026-01-22 15:17:00 [INFO] [] [:] com.zaxxer.hikari.HikariDataSource - HikariPool-1 - Starting...
2026-01-22 15:17:01 [INFO] [] [:] com.zaxxer.hikari.pool.HikariPool - HikariPool-1 - Added connection org.postgresql.jdbc.PgConnection@729acd1
2026-01-22 15:17:01 [INFO] [] [:] com.zaxxer.hikari.HikariDataSource - HikariPool-1 - Start completed.
2026-01-22 15:17:03 [WARN] [] [:] o.s.b.j.a.JpaBaseConfiguration$JpaWebConfiguration - spring.jpa.open-in-view is enabled by default. Therefore, database queries may be performed during view rendering. Explicitly configure spring.jpa.open-in-view to disable this warning
2026-01-22 15:17:03 [INFO] [] [:] o.a.coyote.http11.Http11NioProtocol - Starting ProtocolHandler ["http-nio-8080"]
2026-01-22 15:17:03 [INFO] [] [:] c.webapp.demo_app.DemoAppApplication - Started DemoAppApplication in 5.698 seconds (process running for 6.988)
2026-01-22 15:17:05 [INFO] [] [:] o.a.c.c.C.[Tomcat].[localhost].[/] - Initializing Spring DispatcherServlet 'dispatcherServlet'
2026-01-22 15:17:11 [INFO] [ROLE_ADMIN] [admin:2] c.w.d.controller.AdminController - Admin dashboard accessed
2026-01-22 15:17:33 [INFO] [ROLE_ADMIN] [admin:2] c.w.d.controller.AdminController - All employees list viewed
2026-01-22 15:17:37 [INFO] [ROLE_ADMIN] [admin:2] c.w.d.controller.AdminController - Admin dashboard accessed
2026-01-22 15:18:02 [INFO] [ROLE_ADMIN] [admin:2] c.w.d.controller.AdminController - All employees list viewed
2026-01-22 15:20:38 [INFO] [ROLE_ADMIN] [admin:2] c.w.d.controller.AdminController - All employees list viewed
2026-01-22 15:20:49 [INFO] [ROLE_ADMIN] [admin:2] c.w.d.controller.AdminController - All employees list viewed
2026-01-22 15:21:02 [INFO] [ROLE_ADMIN] [admin:2] c.w.d.controller.AdminController - All employees list viewed
2026-01-22 15:21:03 [INFO] [ROLE_ADMIN] [admin:2] c.w.d.controller.AdminController - All employees list viewed
2026-01-22 15:21:04 [INFO] [ROLE_ADMIN] [admin:2] c.w.d.controller.AdminController - All employees list viewed
2026-01-22 15:25:20 [INFO] [] [:] o.a.coyote.http11.Http11NioProtocol - Pausing ProtocolHandler ["http-nio-8080"]
2026-01-22 15:25:20 [INFO] [] [:] o.a.coyote.http11.Http11NioProtocol - Stopping ProtocolHandler ["http-nio-8080"]
2026-01-22 15:25:20 [INFO] [] [:] com.zaxxer.hikari.HikariDataSource - HikariPool-1 - Shutdown initiated...
2026-01-22 15:25:20 [INFO] [] [:] com.zaxxer.hikari.HikariDataSource - HikariPool-1 - Shutdown completed.
2026-01-22 15:25:20 [INFO] [] [:] c.webapp.demo_app.DemoAppApplication - Starting DemoAppApplication using Java 21.0.3 with PID 8612 (C:\Users\coder\Desktop\demo_app\target\classes started by coder in C:\Users\coder\Desktop\demo_app)
2026-01-22 15:25:20 [INFO] [] [:] c.webapp.demo_app.DemoAppApplication - The following 1 profile is active: "local"
2026-01-22 15:25:20 [INFO] [] [:] o.a.coyote.http11.Http11NioProtocol - Initializing ProtocolHandler ["http-nio-8080"]
2026-01-22 15:25:20 [INFO] [] [:] o.a.catalina.core.StandardService - Starting service [Tomcat]
2026-01-22 15:25:20 [INFO] [] [:] o.a.catalina.core.StandardEngine - Starting Servlet engine: [Apache Tomcat/11.0.15]
2026-01-22 15:25:20 [INFO] [] [:] com.zaxxer.hikari.HikariDataSource - HikariPool-2 - Starting...
2026-01-22 15:25:20 [INFO] [] [:] com.zaxxer.hikari.pool.HikariPool - HikariPool-2 - Added connection org.postgresql.jdbc.PgConnection@9ebb7d0
2026-01-22 15:25:20 [INFO] [] [:] com.zaxxer.hikari.HikariDataSource - HikariPool-2 - Start completed.
2026-01-22 15:25:21 [WARN] [] [:] o.s.b.j.a.JpaBaseConfiguration$JpaWebConfiguration - spring.jpa.open-in-view is enabled by default. Therefore, database queries may be performed during view rendering. Explicitly configure spring.jpa.open-in-view to disable this warning
2026-01-22 15:25:21 [INFO] [] [:] o.a.coyote.http11.Http11NioProtocol - Starting ProtocolHandler ["http-nio-8080"]
2026-01-22 15:25:21 [INFO] [] [:] c.webapp.demo_app.DemoAppApplication - Started DemoAppApplication in 0.93 seconds (process running for 504.428)
2026-01-22 15:25:26 [INFO] [] [:] o.a.coyote.http11.Http11NioProtocol - Pausing ProtocolHandler ["http-nio-8080"]
2026-01-22 15:25:26 [INFO] [] [:] o.a.coyote.http11.Http11NioProtocol - Stopping ProtocolHandler ["http-nio-8080"]
2026-01-22 15:25:26 [INFO] [] [:] com.zaxxer.hikari.HikariDataSource - HikariPool-2 - Shutdown initiated...
2026-01-22 15:25:26 [INFO] [] [:] com.zaxxer.hikari.HikariDataSource - HikariPool-2 - Shutdown completed.
2026-01-22 15:25:26 [INFO] [] [:] c.webapp.demo_app.DemoAppApplication - Starting DemoAppApplication using Java 21.0.3 with PID 8612 (C:\Users\coder\Desktop\demo_app\target\classes started by coder in C:\Users\coder\Desktop\demo_app)
2026-01-22 15:25:26 [INFO] [] [:] c.webapp.demo_app.DemoAppApplication - The following 1 profile is active: "local"
2026-01-22 15:25:27 [INFO] [] [:] o.a.coyote.http11.Http11NioProtocol - Initializing ProtocolHandler ["http-nio-8080"]
2026-01-22 15:25:27 [INFO] [] [:] o.a.catalina.core.StandardService - Starting service [Tomcat]
2026-01-22 15:25:27 [INFO] [] [:] o.a.catalina.core.StandardEngine - Starting Servlet engine: [Apache Tomcat/11.0.15]
2026-01-22 15:25:27 [INFO] [] [:] com.zaxxer.hikari.HikariDataSource - HikariPool-3 - Starting...
2026-01-22 15:25:27 [INFO] [] [:] com.zaxxer.hikari.pool.HikariPool - HikariPool-3 - Added connection org.postgresql.jdbc.PgConnection@2d5d7f2b
2026-01-22 15:25:27 [INFO] [] [:] com.zaxxer.hikari.HikariDataSource - HikariPool-3 - Start completed.
2026-01-22 15:25:27 [WARN] [] [:] o.s.b.j.a.JpaBaseConfiguration$JpaWebConfiguration - spring.jpa.open-in-view is enabled by default. Therefore, database queries may be performed during view rendering. Explicitly configure spring.jpa.open-in-view to disable this warning
2026-01-22 15:25:27 [INFO] [] [:] o.a.coyote.http11.Http11NioProtocol - Starting ProtocolHandler ["http-nio-8080"]
2026-01-22 15:25:27 [INFO] [] [:] c.webapp.demo_app.DemoAppApplication - Started DemoAppApplication in 0.898 seconds (process running for 510.943)
2026-01-22 15:25:29 [INFO] [] [:] o.a.coyote.http11.Http11NioProtocol - Pausing ProtocolHandler ["http-nio-8080"]
2026-01-22 15:25:29 [INFO] [] [:] o.a.coyote.http11.Http11NioProtocol - Stopping ProtocolHandler ["http-nio-8080"]
2026-01-22 15:25:29 [INFO] [] [:] com.zaxxer.hikari.HikariDataSource - HikariPool-3 - Shutdown initiated...
2026-01-22 15:25:29 [INFO] [] [:] com.zaxxer.hikari.HikariDataSource - HikariPool-3 - Shutdown completed.
2026-01-22 15:25:29 [INFO] [] [:] c.webapp.demo_app.DemoAppApplication - Starting DemoAppApplication using Java 21.0.3 with PID 8612 (C:\Users\coder\Desktop\demo_app\target\classes started by coder in C:\Users\coder\Desktop\demo_app)
2026-01-22 15:25:29 [INFO] [] [:] c.webapp.demo_app.DemoAppApplication - The following 1 profile is active: "local"
2026-01-22 15:25:29 [INFO] [] [:] o.a.coyote.http11.Http11NioProtocol - Initializing ProtocolHandler ["http-nio-8080"]
2026-01-22 15:25:29 [INFO] [] [:] o.a.catalina.core.StandardService - Starting service [Tomcat]
2026-01-22 15:25:29 [INFO] [] [:] o.a.catalina.core.StandardEngine - Starting Servlet engine: [Apache Tomcat/11.0.15]
2026-01-22 15:25:29 [INFO] [] [:] com.zaxxer.hikari.HikariDataSource - HikariPool-4 - Starting...
2026-01-22 15:25:29 [INFO] [] [:] com.zaxxer.hikari.pool.HikariPool - HikariPool-4 - Added connection org.postgresql.jdbc.PgConnection@18f4f782
2026-01-22 15:25:29 [INFO] [] [:] com.zaxxer.hikari.HikariDataSource - HikariPool-4 - Start completed.
2026-01-22 15:25:29 [WARN] [] [:] o.s.b.j.a.JpaBaseConfiguration$JpaWebConfiguration - spring.jpa.open-in-view is enabled by default. Therefore, database queries may be performed during view rendering. Explicitly configure spring.jpa.open-in-view to disable this warning
2026-01-22 15:25:29 [INFO] [] [:] o.a.coyote.http11.Http11NioProtocol - Starting ProtocolHandler ["http-nio-8080"]
2026-01-22 15:25:29 [INFO] [] [:] c.webapp.demo_app.DemoAppApplication - Started DemoAppApplication in 0.641 seconds (process running for 513.085)
2026-01-22 15:26:19 [INFO] [] [:] o.a.coyote.http11.Http11NioProtocol - Pausing ProtocolHandler ["http-nio-8080"]
2026-01-22 15:26:19 [INFO] [] [:] o.a.coyote.http11.Http11NioProtocol - Stopping ProtocolHandler ["http-nio-8080"]
2026-01-22 15:26:19 [INFO] [] [:] com.zaxxer.hikari.HikariDataSource - HikariPool-4 - Shutdown initiated...
2026-01-22 15:26:19 [INFO] [] [:] com.zaxxer.hikari.HikariDataSource - HikariPool-4 - Shutdown completed.
2026-01-22 15:26:19 [INFO] [] [:] c.webapp.demo_app.DemoAppApplication - Starting DemoAppApplication using Java 21.0.3 with PID 8612 (C:\Users\coder\Desktop\demo_app\target\classes started by coder in C:\Users\coder\Desktop\demo_app)
2026-01-22 15:26:19 [INFO] [] [:] c.webapp.demo_app.DemoAppApplication - The following 1 profile is active: "local"
2026-01-22 15:26:19 [INFO] [] [:] o.a.coyote.http11.Http11NioProtocol - Initializing ProtocolHandler ["http-nio-8080"]
2026-01-22 15:26:19 [INFO] [] [:] o.a.catalina.core.StandardService - Starting service [Tomcat]
2026-01-22 15:26:19 [INFO] [] [:] o.a.catalina.core.StandardEngine - Starting Servlet engine: [Apache Tomcat/11.0.15]
2026-01-22 15:26:19 [INFO] [] [:] com.zaxxer.hikari.HikariDataSource - HikariPool-5 - Starting...
2026-01-22 15:26:19 [INFO] [] [:] com.zaxxer.hikari.pool.HikariPool - HikariPool-5 - Added connection org.postgresql.jdbc.PgConnection@5819f724
2026-01-22 15:26:19 [INFO] [] [:] com.zaxxer.hikari.HikariDataSource - HikariPool-5 - Start completed.
2026-01-22 15:26:20 [WARN] [] [:] o.s.b.j.a.JpaBaseConfiguration$JpaWebConfiguration - spring.jpa.open-in-view is enabled by default. Therefore, database queries may be performed during view rendering. Explicitly configure spring.jpa.open-in-view to disable this warning
2026-01-22 15:26:20 [INFO] [] [:] o.a.coyote.http11.Http11NioProtocol - Starting ProtocolHandler ["http-nio-8080"]
2026-01-22 15:26:20 [INFO] [] [:] c.webapp.demo_app.DemoAppApplication - Started DemoAppApplication in 0.726 seconds (process running for 563.565)
2026-01-22 15:26:21 [INFO] [] [:] o.a.coyote.http11.Http11NioProtocol - Pausing ProtocolHandler ["http-nio-8080"]
2026-01-22 15:26:21 [INFO] [] [:] o.a.coyote.http11.Http11NioProtocol - Stopping ProtocolHandler ["http-nio-8080"]
2026-01-22 15:26:21 [INFO] [] [:] com.zaxxer.hikari.HikariDataSource - HikariPool-5 - Shutdown initiated...
2026-01-22 15:26:21 [INFO] [] [:] com.zaxxer.hikari.HikariDataSource - HikariPool-5 - Shutdown completed.
2026-01-22 15:26:21 [INFO] [] [:] c.webapp.demo_app.DemoAppApplication - Starting DemoAppApplication using Java 21.0.3 with PID 8612 (C:\Users\coder\Desktop\demo_app\target\classes started by coder in C:\Users\coder\Desktop\demo_app)
2026-01-22 15:26:21 [INFO] [] [:] c.webapp.demo_app.DemoAppApplication - The following 1 profile is active: "local"
2026-01-22 15:26:22 [INFO] [] [:] o.a.coyote.http11.Http11NioProtocol - Initializing ProtocolHandler ["http-nio-8080"]
2026-01-22 15:26:22 [INFO] [] [:] o.a.catalina.core.StandardService - Starting service [Tomcat]
2026-01-22 15:26:22 [INFO] [] [:] o.a.catalina.core.StandardEngine - Starting Servlet engine: [Apache Tomcat/11.0.15]
2026-01-22 15:26:22 [INFO] [] [:] com.zaxxer.hikari.HikariDataSource - HikariPool-6 - Starting...
2026-01-22 15:26:22 [INFO] [] [:] com.zaxxer.hikari.pool.HikariPool - HikariPool-6 - Added connection org.postgresql.jdbc.PgConnection@177ef91b
2026-01-22 15:26:22 [INFO] [] [:] com.zaxxer.hikari.HikariDataSource - HikariPool-6 - Start completed.
2026-01-22 15:26:22 [WARN] [] [:] o.s.b.j.a.JpaBaseConfiguration$JpaWebConfiguration - spring.jpa.open-in-view is enabled by default. Therefore, database queries may be performed during view rendering. Explicitly configure spring.jpa.open-in-view to disable this warning
2026-01-22 15:26:22 [INFO] [] [:] o.a.coyote.http11.Http11NioProtocol - Starting ProtocolHandler ["http-nio-8080"]
2026-01-22 15:26:22 [INFO] [] [:] c.webapp.demo_app.DemoAppApplication - Started DemoAppApplication in 0.754 seconds (process running for 565.8)
2026-01-22 15:26:55 [INFO] [] [:] o.a.coyote.http11.Http11NioProtocol - Pausing ProtocolHandler ["http-nio-8080"]
2026-01-22 15:26:55 [INFO] [] [:] o.a.coyote.http11.Http11NioProtocol - Stopping ProtocolHandler ["http-nio-8080"]
2026-01-22 15:26:55 [INFO] [] [:] com.zaxxer.hikari.HikariDataSource - HikariPool-6 - Shutdown initiated...
2026-01-22 15:26:55 [INFO] [] [:] com.zaxxer.hikari.HikariDataSource - HikariPool-6 - Shutdown completed.
2026-01-22 15:26:55 [INFO] [] [:] c.webapp.demo_app.DemoAppApplication - Starting DemoAppApplication using Java 21.0.3 with PID 8612 (C:\Users\coder\Desktop\demo_app\target\classes started by coder in C:\Users\coder\Desktop\demo_app)
2026-01-22 15:26:55 [INFO] [] [:] c.webapp.demo_app.DemoAppApplication - The following 1 profile is active: "local"
2026-01-22 15:26:56 [INFO] [] [:] o.a.coyote.http11.Http11NioProtocol - Initializing ProtocolHandler ["http-nio-8080"]
2026-01-22 15:26:56 [INFO] [] [:] o.a.catalina.core.StandardService - Starting service [Tomcat]
2026-01-22 15:26:56 [INFO] [] [:] o.a.catalina.core.StandardEngine - Starting Servlet engine: [Apache Tomcat/11.0.15]
2026-01-22 15:26:56 [INFO] [] [:] com.zaxxer.hikari.HikariDataSource - HikariPool-7 - Starting...
2026-01-22 15:26:56 [INFO] [] [:] com.zaxxer.hikari.pool.HikariPool - HikariPool-7 - Added connection org.postgresql.jdbc.PgConnection@2a9e9631
2026-01-22 15:26:56 [INFO] [] [:] com.zaxxer.hikari.HikariDataSource - HikariPool-7 - Start completed.
2026-01-22 15:26:56 [WARN] [] [:] o.s.b.w.s.s.c.AnnotationConfigServletWebServerApplicationContext - Exception encountered during context initialization - cancelling refresh attempt: org.springframework.beans.factory.UnsatisfiedDependencyException: Error creating bean with name 'adminController' defined in file [C:\Users\coder\Desktop\demo_app\target\classes\com\webapp\demo_app\controller\AdminController.class]: Unsatisfied dependency expressed through constructor parameter 0: No qualifying bean of type 'com.webapp.demo_app.service.EmployeeService' available: expected at least 1 bean which qualifies as autowire candidate. Dependency annotations: {}
2026-01-22 15:26:56 [INFO] [] [:] com.zaxxer.hikari.HikariDataSource - HikariPool-7 - Shutdown initiated...
2026-01-22 15:26:56 [INFO] [] [:] com.zaxxer.hikari.HikariDataSource - HikariPool-7 - Shutdown completed.
2026-01-22 15:26:56 [INFO] [] [:] o.a.catalina.core.StandardService - Stopping service [Tomcat]
2026-01-22 15:26:56 [ERROR] [] [:] o.s.b.d.LoggingFailureAnalysisReporter - 

***************************
APPLICATION FAILED TO START
***************************

Description:

Parameter 0 of constructor in com.webapp.demo_app.controller.AdminController required a bean of type 'com.webapp.demo_app.service.EmployeeService' that could not be found.


Action:

Consider defining a bean of type 'com.webapp.demo_app.service.EmployeeService' in your configuration.

2026-01-22 15:26:57 [INFO] [] [:] c.webapp.demo_app.DemoAppApplication - Starting DemoAppApplication using Java 21.0.3 with PID 8612 (C:\Users\coder\Desktop\demo_app\target\classes started by coder in C:\Users\coder\Desktop\demo_app)
2026-01-22 15:26:57 [INFO] [] [:] c.webapp.demo_app.DemoAppApplication - The following 1 profile is active: "local"
2026-01-22 15:26:58 [INFO] [] [:] o.a.coyote.http11.Http11NioProtocol - Initializing ProtocolHandler ["http-nio-8080"]
2026-01-22 15:26:58 [INFO] [] [:] o.a.catalina.core.StandardService - Starting service [Tomcat]
2026-01-22 15:26:58 [INFO] [] [:] o.a.catalina.core.StandardEngine - Starting Servlet engine: [Apache Tomcat/11.0.15]
2026-01-22 15:26:58 [INFO] [] [:] com.zaxxer.hikari.HikariDataSource - HikariPool-8 - Starting...
2026-01-22 15:26:58 [INFO] [] [:] com.zaxxer.hikari.pool.HikariPool - HikariPool-8 - Added connection org.postgresql.jdbc.PgConnection@35e1942b
2026-01-22 15:26:58 [INFO] [] [:] com.zaxxer.hikari.HikariDataSource - HikariPool-8 - Start completed.
2026-01-22 15:26:58 [WARN] [] [:] o.s.b.j.a.JpaBaseConfiguration$JpaWebConfiguration - spring.jpa.open-in-view is enabled by default. Therefore, database queries may be performed during view rendering. Explicitly configure spring.jpa.open-in-view to disable this warning
2026-01-22 15:26:58 [INFO] [] [:] o.a.coyote.http11.Http11NioProtocol - Starting ProtocolHandler ["http-nio-8080"]
2026-01-22 15:26:58 [INFO] [] [:] c.webapp.demo_app.DemoAppApplication - Started DemoAppApplication in 0.629 seconds (process running for 601.793)
2026-01-22 15:27:21 [INFO] [] [:] o.a.coyote.http11.Http11NioProtocol - Pausing ProtocolHandler ["http-nio-8080"]
2026-01-22 15:27:21 [INFO] [] [:] o.a.coyote.http11.Http11NioProtocol - Stopping ProtocolHandler ["http-nio-8080"]
2026-01-22 15:27:21 [INFO] [] [:] com.zaxxer.hikari.HikariDataSource - HikariPool-8 - Shutdown initiated...
2026-01-22 15:27:21 [INFO] [] [:] com.zaxxer.hikari.HikariDataSource - HikariPool-8 - Shutdown completed.
2026-01-22 15:27:21 [INFO] [] [:] c.webapp.demo_app.DemoAppApplication - Starting DemoAppApplication using Java 21.0.3 with PID 8612 (C:\Users\coder\Desktop\demo_app\target\classes started by coder in C:\Users\coder\Desktop\demo_app)
2026-01-22 15:27:21 [INFO] [] [:] c.webapp.demo_app.DemoAppApplication - The following 1 profile is active: "local"
2026-01-22 15:27:21 [INFO] [] [:] o.a.coyote.http11.Http11NioProtocol - Initializing ProtocolHandler ["http-nio-8080"]
2026-01-22 15:27:21 [INFO] [] [:] o.a.catalina.core.StandardService - Starting service [Tomcat]
2026-01-22 15:27:21 [INFO] [] [:] o.a.catalina.core.StandardEngine - Starting Servlet engine: [Apache Tomcat/11.0.15]
2026-01-22 15:27:21 [INFO] [] [:] com.zaxxer.hikari.HikariDataSource - HikariPool-9 - Starting...
2026-01-22 15:27:21 [INFO] [] [:] com.zaxxer.hikari.pool.HikariPool - HikariPool-9 - Added connection org.postgresql.jdbc.PgConnection@48c88593
2026-01-22 15:27:21 [INFO] [] [:] com.zaxxer.hikari.HikariDataSource - HikariPool-9 - Start completed.
2026-01-22 15:27:22 [WARN] [] [:] o.s.b.j.a.JpaBaseConfiguration$JpaWebConfiguration - spring.jpa.open-in-view is enabled by default. Therefore, database queries may be performed during view rendering. Explicitly configure spring.jpa.open-in-view to disable this warning
2026-01-22 15:27:22 [INFO] [] [:] o.a.coyote.http11.Http11NioProtocol - Starting ProtocolHandler ["http-nio-8080"]
2026-01-22 15:27:22 [INFO] [] [:] c.webapp.demo_app.DemoAppApplication - Started DemoAppApplication in 0.711 seconds (process running for 625.511)
2026-01-22 15:27:23 [INFO] [] [:] o.a.coyote.http11.Http11NioProtocol - Pausing ProtocolHandler ["http-nio-8080"]
2026-01-22 15:27:23 [INFO] [] [:] o.a.coyote.http11.Http11NioProtocol - Stopping ProtocolHandler ["http-nio-8080"]
2026-01-22 15:27:23 [INFO] [] [:] com.zaxxer.hikari.HikariDataSource - HikariPool-9 - Shutdown initiated...
2026-01-22 15:27:23 [INFO] [] [:] com.zaxxer.hikari.HikariDataSource - HikariPool-9 - Shutdown completed.
2026-01-22 15:27:23 [INFO] [] [:] c.webapp.demo_app.DemoAppApplication - Starting DemoAppApplication using Java 21.0.3 with PID 8612 (C:\Users\coder\Desktop\demo_app\target\classes started by coder in C:\Users\coder\Desktop\demo_app)
2026-01-22 15:27:23 [INFO] [] [:] c.webapp.demo_app.DemoAppApplication - The following 1 profile is active: "local"
2026-01-22 15:27:23 [INFO] [] [:] o.a.coyote.http11.Http11NioProtocol - Initializing ProtocolHandler ["http-nio-8080"]
2026-01-22 15:27:23 [INFO] [] [:] o.a.catalina.core.StandardService - Starting service [Tomcat]
2026-01-22 15:27:23 [INFO] [] [:] o.a.catalina.core.StandardEngine - Starting Servlet engine: [Apache Tomcat/11.0.15]
2026-01-22 15:27:23 [INFO] [] [:] com.zaxxer.hikari.HikariDataSource - HikariPool-10 - Starting...
2026-01-22 15:27:24 [INFO] [] [:] com.zaxxer.hikari.pool.HikariPool - HikariPool-10 - Added connection org.postgresql.jdbc.PgConnection@5502ead9
2026-01-22 15:27:24 [INFO] [] [:] com.zaxxer.hikari.HikariDataSource - HikariPool-10 - Start completed.
2026-01-22 15:27:24 [WARN] [] [:] o.s.b.j.a.JpaBaseConfiguration$JpaWebConfiguration - spring.jpa.open-in-view is enabled by default. Therefore, database queries may be performed during view rendering. Explicitly configure spring.jpa.open-in-view to disable this warning
2026-01-22 15:27:24 [INFO] [] [:] o.a.coyote.http11.Http11NioProtocol - Starting ProtocolHandler ["http-nio-8080"]
2026-01-22 15:27:24 [INFO] [] [:] c.webapp.demo_app.DemoAppApplication - Started DemoAppApplication in 0.727 seconds (process running for 627.713)
2026-01-22 15:28:23 [INFO] [] [:] o.a.coyote.http11.Http11NioProtocol - Pausing ProtocolHandler ["http-nio-8080"]
2026-01-22 15:28:23 [INFO] [] [:] o.a.coyote.http11.Http11NioProtocol - Stopping ProtocolHandler ["http-nio-8080"]
2026-01-22 15:28:23 [INFO] [] [:] com.zaxxer.hikari.HikariDataSource - HikariPool-10 - Shutdown initiated...
2026-01-22 15:28:23 [INFO] [] [:] com.zaxxer.hikari.HikariDataSource - HikariPool-10 - Shutdown completed.
2026-01-22 15:28:23 [INFO] [] [:] c.webapp.demo_app.DemoAppApplication - Starting DemoAppApplication using Java 21.0.3 with PID 8612 (C:\Users\coder\Desktop\demo_app\target\classes started by coder in C:\Users\coder\Desktop\demo_app)
2026-01-22 15:28:23 [INFO] [] [:] c.webapp.demo_app.DemoAppApplication - The following 1 profile is active: "local"
2026-01-22 15:28:23 [INFO] [] [:] o.a.coyote.http11.Http11NioProtocol - Initializing ProtocolHandler ["http-nio-8080"]
2026-01-22 15:28:23 [INFO] [] [:] o.a.catalina.core.StandardService - Starting service [Tomcat]
2026-01-22 15:28:23 [INFO] [] [:] o.a.catalina.core.StandardEngine - Starting Servlet engine: [Apache Tomcat/11.0.15]
2026-01-22 15:28:23 [INFO] [] [:] com.zaxxer.hikari.HikariDataSource - HikariPool-11 - Starting...
2026-01-22 15:28:23 [INFO] [] [:] com.zaxxer.hikari.pool.HikariPool - HikariPool-11 - Added connection org.postgresql.jdbc.PgConnection@2cacb4d2
2026-01-22 15:28:23 [INFO] [] [:] com.zaxxer.hikari.HikariDataSource - HikariPool-11 - Start completed.
2026-01-22 15:28:24 [WARN] [] [:] o.s.b.j.a.JpaBaseConfiguration$JpaWebConfiguration - spring.jpa.open-in-view is enabled by default. Therefore, database queries may be performed during view rendering. Explicitly configure spring.jpa.open-in-view to disable this warning
2026-01-22 15:28:24 [INFO] [] [:] o.a.coyote.http11.Http11NioProtocol - Starting ProtocolHandler ["http-nio-8080"]
2026-01-22 15:28:24 [INFO] [] [:] c.webapp.demo_app.DemoAppApplication - Started DemoAppApplication in 0.779 seconds (process running for 687.468)
2026-01-22 15:28:25 [INFO] [] [:] o.a.coyote.http11.Http11NioProtocol - Pausing ProtocolHandler ["http-nio-8080"]
2026-01-22 15:28:25 [INFO] [] [:] o.a.coyote.http11.Http11NioProtocol - Stopping ProtocolHandler ["http-nio-8080"]
2026-01-22 15:28:25 [INFO] [] [:] com.zaxxer.hikari.HikariDataSource - HikariPool-11 - Shutdown initiated...
2026-01-22 15:28:25 [INFO] [] [:] com.zaxxer.hikari.HikariDataSource - HikariPool-11 - Shutdown completed.
2026-01-22 15:28:25 [INFO] [] [:] c.webapp.demo_app.DemoAppApplication - Starting DemoAppApplication using Java 21.0.3 with PID 8612 (C:\Users\coder\Desktop\demo_app\target\classes started by coder in C:\Users\coder\Desktop\demo_app)
2026-01-22 15:28:25 [INFO] [] [:] c.webapp.demo_app.DemoAppApplication - The following 1 profile is active: "local"
2026-01-22 15:28:25 [INFO] [] [:] o.a.coyote.http11.Http11NioProtocol - Initializing ProtocolHandler ["http-nio-8080"]
2026-01-22 15:28:25 [INFO] [] [:] o.a.catalina.core.StandardService - Starting service [Tomcat]
2026-01-22 15:28:25 [INFO] [] [:] o.a.catalina.core.StandardEngine - Starting Servlet engine: [Apache Tomcat/11.0.15]
2026-01-22 15:28:25 [INFO] [] [:] com.zaxxer.hikari.HikariDataSource - HikariPool-12 - Starting...
2026-01-22 15:28:26 [INFO] [] [:] com.zaxxer.hikari.pool.HikariPool - HikariPool-12 - Added connection org.postgresql.jdbc.PgConnection@2042a77b
2026-01-22 15:28:26 [INFO] [] [:] com.zaxxer.hikari.HikariDataSource - HikariPool-12 - Start completed.
2026-01-22 15:28:26 [WARN] [] [:] o.s.b.j.a.JpaBaseConfiguration$JpaWebConfiguration - spring.jpa.open-in-view is enabled by default. Therefore, database queries may be performed during view rendering. Explicitly configure spring.jpa.open-in-view to disable this warning
2026-01-22 15:28:26 [INFO] [] [:] o.a.coyote.http11.Http11NioProtocol - Starting ProtocolHandler ["http-nio-8080"]
2026-01-22 15:28:26 [INFO] [] [:] c.webapp.demo_app.DemoAppApplication - Started DemoAppApplication in 0.622 seconds (process running for 689.585)
2026-01-22 15:28:41 [INFO] [] [:] o.a.coyote.http11.Http11NioProtocol - Pausing ProtocolHandler ["http-nio-8080"]
2026-01-22 15:28:41 [INFO] [] [:] o.a.coyote.http11.Http11NioProtocol - Stopping ProtocolHandler ["http-nio-8080"]
2026-01-22 15:28:41 [INFO] [] [:] com.zaxxer.hikari.HikariDataSource - HikariPool-12 - Shutdown initiated...
2026-01-22 15:28:41 [INFO] [] [:] com.zaxxer.hikari.HikariDataSource - HikariPool-12 - Shutdown completed.
2026-01-22 15:28:41 [INFO] [] [:] c.webapp.demo_app.DemoAppApplication - Starting DemoAppApplication using Java 21.0.3 with PID 8612 (C:\Users\coder\Desktop\demo_app\target\classes started by coder in C:\Users\coder\Desktop\demo_app)
2026-01-22 15:28:41 [INFO] [] [:] c.webapp.demo_app.DemoAppApplication - The following 1 profile is active: "local"
2026-01-22 15:28:41 [INFO] [] [:] o.a.coyote.http11.Http11NioProtocol - Initializing ProtocolHandler ["http-nio-8080"]
2026-01-22 15:28:41 [INFO] [] [:] o.a.catalina.core.StandardService - Starting service [Tomcat]
2026-01-22 15:28:41 [INFO] [] [:] o.a.catalina.core.StandardEngine - Starting Servlet engine: [Apache Tomcat/11.0.15]
2026-01-22 15:28:41 [INFO] [] [:] com.zaxxer.hikari.HikariDataSource - HikariPool-13 - Starting...
2026-01-22 15:28:41 [INFO] [] [:] com.zaxxer.hikari.pool.HikariPool - HikariPool-13 - Added connection org.postgresql.jdbc.PgConnection@6f75a303
2026-01-22 15:28:41 [INFO] [] [:] com.zaxxer.hikari.HikariDataSource - HikariPool-13 - Start completed.
2026-01-22 15:28:41 [WARN] [] [:] o.s.b.j.a.JpaBaseConfiguration$JpaWebConfiguration - spring.jpa.open-in-view is enabled by default. Therefore, database queries may be performed during view rendering. Explicitly configure spring.jpa.open-in-view to disable this warning
2026-01-22 15:28:41 [INFO] [] [:] o.a.coyote.http11.Http11NioProtocol - Starting ProtocolHandler ["http-nio-8080"]
2026-01-22 15:28:41 [INFO] [] [:] c.webapp.demo_app.DemoAppApplication - Started DemoAppApplication in 0.67 seconds (process running for 705.077)
2026-01-22 15:28:43 [INFO] [] [:] o.a.coyote.http11.Http11NioProtocol - Pausing ProtocolHandler ["http-nio-8080"]
2026-01-22 15:28:43 [INFO] [] [:] o.a.coyote.http11.Http11NioProtocol - Stopping ProtocolHandler ["http-nio-8080"]
2026-01-22 15:28:43 [INFO] [] [:] com.zaxxer.hikari.HikariDataSource - HikariPool-13 - Shutdown initiated...
2026-01-22 15:28:43 [INFO] [] [:] com.zaxxer.hikari.HikariDataSource - HikariPool-13 - Shutdown completed.
2026-01-22 15:28:43 [INFO] [] [:] c.webapp.demo_app.DemoAppApplication - Starting DemoAppApplication using Java 21.0.3 with PID 8612 (C:\Users\coder\Desktop\demo_app\target\classes started by coder in C:\Users\coder\Desktop\demo_app)
2026-01-22 15:28:43 [INFO] [] [:] c.webapp.demo_app.DemoAppApplication - The following 1 profile is active: "local"
2026-01-22 15:28:43 [INFO] [] [:] o.a.coyote.http11.Http11NioProtocol - Initializing ProtocolHandler ["http-nio-8080"]
2026-01-22 15:28:43 [INFO] [] [:] o.a.catalina.core.StandardService - Starting service [Tomcat]
2026-01-22 15:28:43 [INFO] [] [:] o.a.catalina.core.StandardEngine - Starting Servlet engine: [Apache Tomcat/11.0.15]
2026-01-22 15:28:43 [INFO] [] [:] com.zaxxer.hikari.HikariDataSource - HikariPool-14 - Starting...
2026-01-22 15:28:43 [INFO] [] [:] com.zaxxer.hikari.pool.HikariPool - HikariPool-14 - Added connection org.postgresql.jdbc.PgConnection@4340fa0c
2026-01-22 15:28:43 [INFO] [] [:] com.zaxxer.hikari.HikariDataSource - HikariPool-14 - Start completed.
2026-01-22 15:28:43 [WARN] [] [:] o.s.b.j.a.JpaBaseConfiguration$JpaWebConfiguration - spring.jpa.open-in-view is enabled by default. Therefore, database queries may be performed during view rendering. Explicitly configure spring.jpa.open-in-view to disable this warning
2026-01-22 15:28:43 [INFO] [] [:] o.a.coyote.http11.Http11NioProtocol - Starting ProtocolHandler ["http-nio-8080"]
2026-01-22 15:28:43 [INFO] [] [:] c.webapp.demo_app.DemoAppApplication - Started DemoAppApplication in 0.616 seconds (process running for 707.166)
2026-01-22 15:29:20 [INFO] [] [:] o.a.c.c.C.[Tomcat-1].[localhost].[/] - Initializing Spring DispatcherServlet 'dispatcherServlet'
2026-01-22 15:29:20 [INFO] [ROLE_ADMIN] [admin:2] c.w.d.controller.AdminController - All employees list viewed
2026-01-22 15:30:58 [INFO] [ROLE_ADMIN] [admin:2] c.w.d.controller.AdminController - All employees list viewed
2026-01-22 15:31:00 [INFO] [ROLE_ADMIN] [admin:2] c.w.d.controller.AdminController - All employees list viewed
2026-01-22 15:31:00 [INFO] [ROLE_ADMIN] [admin:2] c.w.d.controller.AdminController - All employees list viewed
2026-01-22 15:31:13 [INFO] [ROLE_ADMIN] [admin:2] c.w.d.controller.AdminController - All employees list viewed
2026-01-22 15:31:14 [INFO] [ROLE_ADMIN] [admin:2] c.w.d.controller.AdminController - All employees list viewed
2026-01-22 15:32:12 [INFO] [ROLE_ADMIN] [admin:2] c.w.d.controller.AdminController - All employees list viewed
2026-01-22 15:32:13 [INFO] [ROLE_ADMIN] [admin:2] c.w.d.controller.AdminController - All employees list viewed
2026-01-22 15:32:22 [INFO] [ROLE_ADMIN] [admin:2] c.w.d.controller.AdminController - All employees list viewed
2026-01-22 15:32:23 [INFO] [ROLE_ADMIN] [admin:2] c.w.d.controller.AdminController - All employees list viewed
2026-01-22 15:32:30 [INFO] [ROLE_ADMIN] [admin:2] c.w.d.controller.AdminController - All employees list viewed
2026-01-22 15:32:30 [INFO] [ROLE_ADMIN] [admin:2] c.w.d.controller.AdminController - All employees list viewed
2026-01-22 15:32:50 [INFO] [ROLE_ADMIN] [admin:2] c.w.d.controller.AdminController - All employees list viewed
2026-01-22 15:33:02 [INFO] [ROLE_ADMIN] [admin:2] c.w.d.controller.AdminController - All employees list viewed
2026-01-22 15:33:03 [INFO] [ROLE_ADMIN] [admin:2] c.w.d.controller.AdminController - All employees list viewed
2026-01-22 15:33:27 [INFO] [ROLE_ADMIN] [admin:2] c.w.d.controller.AdminController - All employees list viewed
2026-01-22 15:33:29 [INFO] [ROLE_ADMIN] [admin:2] c.w.d.controller.AdminController - Admin dashboard accessed
2026-01-22 15:33:49 [INFO] [ROLE_ADMIN] [admin:2] c.w.d.controller.AdminController - Admin dashboard accessed
2026-01-22 15:33:51 [INFO] [ROLE_ADMIN] [admin:2] c.w.d.controller.AdminController - All employees list viewed
2026-01-22 15:33:53 [INFO] [ROLE_ADMIN] [admin:2] c.w.d.controller.AdminController - Admin dashboard accessed
2026-01-22 15:34:02 [INFO] [ROLE_EMPLOYEE] [Tarık:6] c.w.d.controller.EmployeeController - Employee dashboard accessed
2026-01-22 15:37:44 [INFO] [] [:] o.a.coyote.http11.Http11NioProtocol - Pausing ProtocolHandler ["http-nio-8080"]
2026-01-22 15:37:44 [INFO] [] [:] o.a.coyote.http11.Http11NioProtocol - Stopping ProtocolHandler ["http-nio-8080"]
2026-01-22 15:37:44 [INFO] [] [:] com.zaxxer.hikari.HikariDataSource - HikariPool-14 - Shutdown initiated...
2026-01-22 15:37:44 [INFO] [] [:] com.zaxxer.hikari.HikariDataSource - HikariPool-14 - Shutdown completed.
2026-01-22 15:37:44 [INFO] [] [:] c.webapp.demo_app.DemoAppApplication - Starting DemoAppApplication using Java 21.0.3 with PID 8612 (C:\Users\coder\Desktop\demo_app\target\classes started by coder in C:\Users\coder\Desktop\demo_app)
2026-01-22 15:37:44 [INFO] [] [:] c.webapp.demo_app.DemoAppApplication - The following 1 profile is active: "local"
2026-01-22 15:37:44 [INFO] [] [:] o.a.coyote.http11.Http11NioProtocol - Initializing ProtocolHandler ["http-nio-8080"]
2026-01-22 15:37:44 [INFO] [] [:] o.a.catalina.core.StandardService - Starting service [Tomcat]
2026-01-22 15:37:44 [INFO] [] [:] o.a.catalina.core.StandardEngine - Starting Servlet engine: [Apache Tomcat/11.0.15]
2026-01-22 15:37:44 [INFO] [] [:] com.zaxxer.hikari.HikariDataSource - HikariPool-15 - Starting...
2026-01-22 15:37:44 [INFO] [] [:] com.zaxxer.hikari.pool.HikariPool - HikariPool-15 - Added connection org.postgresql.jdbc.PgConnection@53416b91
2026-01-22 15:37:44 [INFO] [] [:] com.zaxxer.hikari.HikariDataSource - HikariPool-15 - Start completed.
2026-01-22 15:37:44 [WARN] [] [:] o.s.b.j.a.JpaBaseConfiguration$JpaWebConfiguration - spring.jpa.open-in-view is enabled by default. Therefore, database queries may be performed during view rendering. Explicitly configure spring.jpa.open-in-view to disable this warning
2026-01-22 15:37:45 [INFO] [] [:] o.a.coyote.http11.Http11NioProtocol - Starting ProtocolHandler ["http-nio-8080"]
2026-01-22 15:37:45 [INFO] [] [:] c.webapp.demo_app.DemoAppApplication - Started DemoAppApplication in 0.769 seconds (process running for 1248.336)
2026-01-22 15:37:46 [INFO] [] [:] o.a.coyote.http11.Http11NioProtocol - Pausing ProtocolHandler ["http-nio-8080"]
2026-01-22 15:37:46 [INFO] [] [:] o.a.coyote.http11.Http11NioProtocol - Stopping ProtocolHandler ["http-nio-8080"]
2026-01-22 15:37:46 [INFO] [] [:] com.zaxxer.hikari.HikariDataSource - HikariPool-15 - Shutdown initiated...
2026-01-22 15:37:46 [INFO] [] [:] com.zaxxer.hikari.HikariDataSource - HikariPool-15 - Shutdown completed.
2026-01-22 15:37:46 [INFO] [] [:] c.webapp.demo_app.DemoAppApplication - Starting DemoAppApplication using Java 21.0.3 with PID 8612 (C:\Users\coder\Desktop\demo_app\target\classes started by coder in C:\Users\coder\Desktop\demo_app)
2026-01-22 15:37:46 [INFO] [] [:] c.webapp.demo_app.DemoAppApplication - The following 1 profile is active: "local"
2026-01-22 15:37:46 [INFO] [] [:] o.a.coyote.http11.Http11NioProtocol - Initializing ProtocolHandler ["http-nio-8080"]
2026-01-22 15:37:46 [INFO] [] [:] o.a.catalina.core.StandardService - Starting service [Tomcat]
2026-01-22 15:37:46 [INFO] [] [:] o.a.catalina.core.StandardEngine - Starting Servlet engine: [Apache Tomcat/11.0.15]
2026-01-22 15:37:46 [INFO] [] [:] com.zaxxer.hikari.HikariDataSource - HikariPool-16 - Starting...
2026-01-22 15:37:46 [INFO] [] [:] com.zaxxer.hikari.pool.HikariPool - HikariPool-16 - Added connection org.postgresql.jdbc.PgConnection@4eabcb0b
2026-01-22 15:37:46 [INFO] [] [:] com.zaxxer.hikari.HikariDataSource - HikariPool-16 - Start completed.
2026-01-22 15:37:47 [WARN] [] [:] o.s.b.j.a.JpaBaseConfiguration$JpaWebConfiguration - spring.jpa.open-in-view is enabled by default. Therefore, database queries may be performed during view rendering. Explicitly configure spring.jpa.open-in-view to disable this warning
2026-01-22 15:37:47 [INFO] [] [:] o.a.coyote.http11.Http11NioProtocol - Starting ProtocolHandler ["http-nio-8080"]
2026-01-22 15:37:47 [INFO] [] [:] c.webapp.demo_app.DemoAppApplication - Started DemoAppApplication in 0.609 seconds (process running for 1250.423)
2026-01-22 15:38:11 [INFO] [] [:] o.a.coyote.http11.Http11NioProtocol - Pausing ProtocolHandler ["http-nio-8080"]
2026-01-22 15:38:11 [INFO] [] [:] o.a.coyote.http11.Http11NioProtocol - Stopping ProtocolHandler ["http-nio-8080"]
2026-01-22 15:38:11 [INFO] [] [:] com.zaxxer.hikari.HikariDataSource - HikariPool-16 - Shutdown initiated...
2026-01-22 15:38:11 [INFO] [] [:] com.zaxxer.hikari.HikariDataSource - HikariPool-16 - Shutdown completed.
2026-01-22 15:38:11 [INFO] [] [:] c.webapp.demo_app.DemoAppApplication - Starting DemoAppApplication using Java 21.0.3 with PID 8612 (C:\Users\coder\Desktop\demo_app\target\classes started by coder in C:\Users\coder\Desktop\demo_app)
2026-01-22 15:38:11 [INFO] [] [:] c.webapp.demo_app.DemoAppApplication - The following 1 profile is active: "local"
2026-01-22 15:38:11 [INFO] [] [:] o.a.coyote.http11.Http11NioProtocol - Initializing ProtocolHandler ["http-nio-8080"]
2026-01-22 15:38:11 [INFO] [] [:] o.a.catalina.core.StandardService - Starting service [Tomcat]
2026-01-22 15:38:11 [INFO] [] [:] o.a.catalina.core.StandardEngine - Starting Servlet engine: [Apache Tomcat/11.0.15]
2026-01-22 15:38:11 [INFO] [] [:] com.zaxxer.hikari.HikariDataSource - HikariPool-17 - Starting...
2026-01-22 15:38:11 [INFO] [] [:] com.zaxxer.hikari.pool.HikariPool - HikariPool-17 - Added connection org.postgresql.jdbc.PgConnection@2505fc67
2026-01-22 15:38:11 [INFO] [] [:] com.zaxxer.hikari.HikariDataSource - HikariPool-17 - Start completed.
2026-01-22 15:38:11 [WARN] [] [:] o.s.b.j.a.JpaBaseConfiguration$JpaWebConfiguration - spring.jpa.open-in-view is enabled by default. Therefore, database queries may be performed during view rendering. Explicitly configure spring.jpa.open-in-view to disable this warning
2026-01-22 15:38:12 [INFO] [] [:] o.a.coyote.http11.Http11NioProtocol - Starting ProtocolHandler ["http-nio-8080"]
2026-01-22 15:38:12 [INFO] [] [:] c.webapp.demo_app.DemoAppApplication - Started DemoAppApplication in 0.836 seconds (process running for 1275.375)
2026-01-22 15:38:13 [INFO] [] [:] o.a.coyote.http11.Http11NioProtocol - Pausing ProtocolHandler ["http-nio-8080"]
2026-01-22 15:38:13 [INFO] [] [:] o.a.coyote.http11.Http11NioProtocol - Stopping ProtocolHandler ["http-nio-8080"]
2026-01-22 15:38:13 [INFO] [] [:] com.zaxxer.hikari.HikariDataSource - HikariPool-17 - Shutdown initiated...
2026-01-22 15:38:13 [INFO] [] [:] com.zaxxer.hikari.HikariDataSource - HikariPool-17 - Shutdown completed.
2026-01-22 15:38:13 [INFO] [] [:] c.webapp.demo_app.DemoAppApplication - Starting DemoAppApplication using Java 21.0.3 with PID 8612 (C:\Users\coder\Desktop\demo_app\target\classes started by coder in C:\Users\coder\Desktop\demo_app)
2026-01-22 15:38:13 [INFO] [] [:] c.webapp.demo_app.DemoAppApplication - The following 1 profile is active: "local"
2026-01-22 15:38:13 [INFO] [] [:] o.a.coyote.http11.Http11NioProtocol - Initializing ProtocolHandler ["http-nio-8080"]
2026-01-22 15:38:13 [INFO] [] [:] o.a.catalina.core.StandardService - Starting service [Tomcat]
2026-01-22 15:38:13 [INFO] [] [:] o.a.catalina.core.StandardEngine - Starting Servlet engine: [Apache Tomcat/11.0.15]
2026-01-22 15:38:13 [INFO] [] [:] com.zaxxer.hikari.HikariDataSource - HikariPool-18 - Starting...
2026-01-22 15:38:13 [INFO] [] [:] com.zaxxer.hikari.pool.HikariPool - HikariPool-18 - Added connection org.postgresql.jdbc.PgConnection@70f87d6f
2026-01-22 15:38:13 [INFO] [] [:] com.zaxxer.hikari.HikariDataSource - HikariPool-18 - Start completed.
2026-01-22 15:38:14 [WARN] [] [:] o.s.b.j.a.JpaBaseConfiguration$JpaWebConfiguration - spring.jpa.open-in-view is enabled by default. Therefore, database queries may be performed during view rendering. Explicitly configure spring.jpa.open-in-view to disable this warning
2026-01-22 15:38:14 [INFO] [] [:] o.a.coyote.http11.Http11NioProtocol - Starting ProtocolHandler ["http-nio-8080"]
2026-01-22 15:38:14 [INFO] [] [:] c.webapp.demo_app.DemoAppApplication - Started DemoAppApplication in 0.635 seconds (process running for 1277.481)
2026-01-22 15:38:32 [INFO] [] [:] o.a.coyote.http11.Http11NioProtocol - Pausing ProtocolHandler ["http-nio-8080"]
2026-01-22 15:38:32 [INFO] [] [:] o.a.coyote.http11.Http11NioProtocol - Stopping ProtocolHandler ["http-nio-8080"]
2026-01-22 15:38:32 [INFO] [] [:] com.zaxxer.hikari.HikariDataSource - HikariPool-18 - Shutdown initiated...
2026-01-22 15:38:32 [INFO] [] [:] com.zaxxer.hikari.HikariDataSource - HikariPool-18 - Shutdown completed.
2026-01-22 15:38:32 [INFO] [] [:] c.webapp.demo_app.DemoAppApplication - Starting DemoAppApplication using Java 21.0.3 with PID 8612 (C:\Users\coder\Desktop\demo_app\target\classes started by coder in C:\Users\coder\Desktop\demo_app)
2026-01-22 15:38:32 [INFO] [] [:] c.webapp.demo_app.DemoAppApplication - The following 1 profile is active: "local"
2026-01-22 15:38:32 [INFO] [] [:] o.a.coyote.http11.Http11NioProtocol - Initializing ProtocolHandler ["http-nio-8080"]
2026-01-22 15:38:32 [INFO] [] [:] o.a.catalina.core.StandardService - Starting service [Tomcat]
2026-01-22 15:38:32 [INFO] [] [:] o.a.catalina.core.StandardEngine - Starting Servlet engine: [Apache Tomcat/11.0.15]
2026-01-22 15:38:32 [INFO] [] [:] com.zaxxer.hikari.HikariDataSource - HikariPool-19 - Starting...
2026-01-22 15:38:32 [INFO] [] [:] com.zaxxer.hikari.pool.HikariPool - HikariPool-19 - Added connection org.postgresql.jdbc.PgConnection@35eb400
2026-01-22 15:38:32 [INFO] [] [:] com.zaxxer.hikari.HikariDataSource - HikariPool-19 - Start completed.
2026-01-22 15:38:32 [WARN] [] [:] o.s.b.j.a.JpaBaseConfiguration$JpaWebConfiguration - spring.jpa.open-in-view is enabled by default. Therefore, database queries may be performed during view rendering. Explicitly configure spring.jpa.open-in-view to disable this warning
2026-01-22 15:38:32 [INFO] [] [:] o.a.coyote.http11.Http11NioProtocol - Starting ProtocolHandler ["http-nio-8080"]
2026-01-22 15:38:32 [INFO] [] [:] c.webapp.demo_app.DemoAppApplication - Started DemoAppApplication in 0.773 seconds (process running for 1296.141)
2026-01-22 15:38:34 [INFO] [] [:] o.a.coyote.http11.Http11NioProtocol - Pausing ProtocolHandler ["http-nio-8080"]
2026-01-22 15:38:34 [INFO] [] [:] o.a.coyote.http11.Http11NioProtocol - Stopping ProtocolHandler ["http-nio-8080"]
2026-01-22 15:38:34 [INFO] [] [:] com.zaxxer.hikari.HikariDataSource - HikariPool-19 - Shutdown initiated...
2026-01-22 15:38:34 [INFO] [] [:] com.zaxxer.hikari.HikariDataSource - HikariPool-19 - Shutdown completed.
2026-01-22 15:38:34 [INFO] [] [:] c.webapp.demo_app.DemoAppApplication - Starting DemoAppApplication using Java 21.0.3 with PID 8612 (C:\Users\coder\Desktop\demo_app\target\classes started by coder in C:\Users\coder\Desktop\demo_app)
2026-01-22 15:38:34 [INFO] [] [:] c.webapp.demo_app.DemoAppApplication - The following 1 profile is active: "local"
2026-01-22 15:38:34 [INFO] [] [:] o.a.coyote.http11.Http11NioProtocol - Initializing ProtocolHandler ["http-nio-8080"]
2026-01-22 15:38:34 [INFO] [] [:] o.a.catalina.core.StandardService - Starting service [Tomcat]
2026-01-22 15:38:34 [INFO] [] [:] o.a.catalina.core.StandardEngine - Starting Servlet engine: [Apache Tomcat/11.0.15]
2026-01-22 15:38:34 [INFO] [] [:] com.zaxxer.hikari.HikariDataSource - HikariPool-20 - Starting...
2026-01-22 15:38:34 [INFO] [] [:] com.zaxxer.hikari.pool.HikariPool - HikariPool-20 - Added connection org.postgresql.jdbc.PgConnection@15631a73
2026-01-22 15:38:34 [INFO] [] [:] com.zaxxer.hikari.HikariDataSource - HikariPool-20 - Start completed.
2026-01-22 15:38:34 [WARN] [] [:] o.s.b.j.a.JpaBaseConfiguration$JpaWebConfiguration - spring.jpa.open-in-view is enabled by default. Therefore, database queries may be performed during view rendering. Explicitly configure spring.jpa.open-in-view to disable this warning
2026-01-22 15:38:34 [INFO] [] [:] o.a.coyote.http11.Http11NioProtocol - Starting ProtocolHandler ["http-nio-8080"]
2026-01-22 15:38:34 [INFO] [] [:] c.webapp.demo_app.DemoAppApplication - Started DemoAppApplication in 0.62 seconds (process running for 1298.252)
2026-01-22 15:38:55 [INFO] [] [:] o.a.coyote.http11.Http11NioProtocol - Pausing ProtocolHandler ["http-nio-8080"]
2026-01-22 15:38:55 [INFO] [] [:] o.a.coyote.http11.Http11NioProtocol - Stopping ProtocolHandler ["http-nio-8080"]
2026-01-22 15:38:55 [INFO] [] [:] com.zaxxer.hikari.HikariDataSource - HikariPool-20 - Shutdown initiated...
2026-01-22 15:38:55 [INFO] [] [:] com.zaxxer.hikari.HikariDataSource - HikariPool-20 - Shutdown completed.
2026-01-22 15:38:56 [INFO] [] [:] c.webapp.demo_app.DemoAppApplication - Starting DemoAppApplication using Java 21.0.3 with PID 8612 (C:\Users\coder\Desktop\demo_app\target\classes started by coder in C:\Users\coder\Desktop\demo_app)
2026-01-22 15:38:56 [INFO] [] [:] c.webapp.demo_app.DemoAppApplication - The following 1 profile is active: "local"
2026-01-22 15:38:56 [INFO] [] [:] o.a.coyote.http11.Http11NioProtocol - Initializing ProtocolHandler ["http-nio-8080"]
2026-01-22 15:38:56 [INFO] [] [:] o.a.catalina.core.StandardService - Starting service [Tomcat]
2026-01-22 15:38:56 [INFO] [] [:] o.a.catalina.core.StandardEngine - Starting Servlet engine: [Apache Tomcat/11.0.15]
2026-01-22 15:38:56 [INFO] [] [:] com.zaxxer.hikari.HikariDataSource - HikariPool-21 - Starting...
2026-01-22 15:38:56 [INFO] [] [:] com.zaxxer.hikari.pool.HikariPool - HikariPool-21 - Added connection org.postgresql.jdbc.PgConnection@64bbdf65
2026-01-22 15:38:56 [INFO] [] [:] com.zaxxer.hikari.HikariDataSource - HikariPool-21 - Start completed.
2026-01-22 15:38:56 [WARN] [] [:] o.s.b.j.a.JpaBaseConfiguration$JpaWebConfiguration - spring.jpa.open-in-view is enabled by default. Therefore, database queries may be performed during view rendering. Explicitly configure spring.jpa.open-in-view to disable this warning
2026-01-22 15:38:56 [INFO] [] [:] o.a.coyote.http11.Http11NioProtocol - Starting ProtocolHandler ["http-nio-8080"]
2026-01-22 15:38:56 [INFO] [] [:] c.webapp.demo_app.DemoAppApplication - Started DemoAppApplication in 0.64 seconds (process running for 1319.886)
2026-01-22 15:38:58 [INFO] [] [:] o.a.coyote.http11.Http11NioProtocol - Pausing ProtocolHandler ["http-nio-8080"]
2026-01-22 15:38:58 [INFO] [] [:] o.a.coyote.http11.Http11NioProtocol - Stopping ProtocolHandler ["http-nio-8080"]
2026-01-22 15:38:58 [INFO] [] [:] com.zaxxer.hikari.HikariDataSource - HikariPool-21 - Shutdown initiated...
2026-01-22 15:38:58 [INFO] [] [:] com.zaxxer.hikari.HikariDataSource - HikariPool-21 - Shutdown completed.
2026-01-22 15:38:58 [INFO] [] [:] c.webapp.demo_app.DemoAppApplication - Starting DemoAppApplication using Java 21.0.3 with PID 8612 (C:\Users\coder\Desktop\demo_app\target\classes started by coder in C:\Users\coder\Desktop\demo_app)
2026-01-22 15:38:58 [INFO] [] [:] c.webapp.demo_app.DemoAppApplication - The following 1 profile is active: "local"
2026-01-22 15:38:58 [INFO] [] [:] o.a.coyote.http11.Http11NioProtocol - Initializing ProtocolHandler ["http-nio-8080"]
2026-01-22 15:38:58 [INFO] [] [:] o.a.catalina.core.StandardService - Starting service [Tomcat]
2026-01-22 15:38:58 [INFO] [] [:] o.a.catalina.core.StandardEngine - Starting Servlet engine: [Apache Tomcat/11.0.15]
2026-01-22 15:38:58 [INFO] [] [:] com.zaxxer.hikari.HikariDataSource - HikariPool-22 - Starting...
2026-01-22 15:38:58 [INFO] [] [:] com.zaxxer.hikari.pool.HikariPool - HikariPool-22 - Added connection org.postgresql.jdbc.PgConnection@7dce6c8d
2026-01-22 15:38:58 [INFO] [] [:] com.zaxxer.hikari.HikariDataSource - HikariPool-22 - Start completed.
2026-01-22 15:38:58 [WARN] [] [:] o.s.b.j.a.JpaBaseConfiguration$JpaWebConfiguration - spring.jpa.open-in-view is enabled by default. Therefore, database queries may be performed during view rendering. Explicitly configure spring.jpa.open-in-view to disable this warning
2026-01-22 15:38:58 [INFO] [] [:] o.a.coyote.http11.Http11NioProtocol - Starting ProtocolHandler ["http-nio-8080"]
2026-01-22 15:38:58 [INFO] [] [:] c.webapp.demo_app.DemoAppApplication - Started DemoAppApplication in 0.594 seconds (process running for 1321.979)
2026-01-22 15:41:12 [INFO] [] [:] o.a.c.c.C.[Tomcat-1].[localhost].[/] - Initializing Spring DispatcherServlet 'dispatcherServlet'
2026-01-22 15:41:43 [INFO] [ROLE_EMPLOYEE] [Tarık:6] c.w.d.controller.EmployeeController - Employee dashboard accessed
2026-01-22 15:41:51 [INFO] [ROLE_EMPLOYEE] [Muhammet:5] c.w.d.controller.EmployeeController - Employee dashboard accessed
2026-01-22 15:41:58 [INFO] [ROLE_EMPLOYEE] [Muhammet:5] c.w.d.controller.EmployeeController - Employee dashboard accessed
2026-01-22 15:42:59 [INFO] [ROLE_EMPLOYEE] [Muhammet:5] c.w.d.controller.EmployeeController - Employee dashboard accessed
2026-01-22 15:42:59 [ERROR] [ROLE_EMPLOYEE] [Muhammet:5] org.thymeleaf.TemplateEngine - [THYMELEAF][http-nio-8080-exec-4] Exception processing template "employee/home-dashboard": An error happened during template parsing (template: "class path resource [templates/employee/home-dashboard.html]")
org.thymeleaf.exceptions.TemplateInputException: An error happened during template parsing (template: "class path resource [templates/employee/home-dashboard.html]")
	at org.thymeleaf.templateparser.markup.AbstractMarkupTemplateParser.parse(AbstractMarkupTemplateParser.java:241)
	at org.thymeleaf.templateparser.markup.AbstractMarkupTemplateParser.parseStandalone(AbstractMarkupTemplateParser.java:100)
	at org.thymeleaf.engine.TemplateManager.parseAndProcess(TemplateManager.java:666)
	at org.thymeleaf.TemplateEngine.process(TemplateEngine.java:1103)
	at org.thymeleaf.TemplateEngine.process(TemplateEngine.java:1077)
	at org.thymeleaf.spring6.view.ThymeleafView.renderFragment(ThymeleafView.java:372)
	at org.thymeleaf.spring6.view.ThymeleafView.render(ThymeleafView.java:192)
	at org.springframework.web.servlet.DispatcherServlet.render(DispatcherServlet.java:1305)
	at org.springframework.web.servlet.DispatcherServlet.processDispatchResult(DispatcherServlet.java:1042)
	at org.springframework.web.servlet.DispatcherServlet.doDispatch(DispatcherServlet.java:980)
	at org.springframework.web.servlet.DispatcherServlet.doService(DispatcherServlet.java:866)
	at org.springframework.web.servlet.FrameworkServlet.processRequest(FrameworkServlet.java:1003)
	at org.springframework.web.servlet.FrameworkServlet.doGet(FrameworkServlet.java:892)
	at jakarta.servlet.http.HttpServlet.service(HttpServlet.java:622)
	at org.springframework.web.servlet.FrameworkServlet.service(FrameworkServlet.java:874)
	at jakarta.servlet.http.HttpServlet.service(HttpServlet.java:710)
	at org.apache.catalina.core.ApplicationFilterChain.doFilter(ApplicationFilterChain.java:128)
	at org.apache.tomcat.websocket.server.WsFilter.doFilter(WsFilter.java:53)
	at org.apache.catalina.core.ApplicationFilterChain.doFilter(ApplicationFilterChain.java:107)
	at com.webapp.demo_app.config.LoggingContextFilter.doFilterInternal(LoggingContextFilter.java:35)
	at org.springframework.web.filter.OncePerRequestFilter.doFilter(OncePerRequestFilter.java:116)
	at org.apache.catalina.core.ApplicationFilterChain.doFilter(ApplicationFilterChain.java:107)
	at org.springframework.web.filter.CompositeFilter$VirtualFilterChain.doFilter(CompositeFilter.java:108)
	at org.springframework.security.web.FilterChainProxy.lambda$doFilterInternal$3(FilterChainProxy.java:235)
	at org.springframework.security.web.FilterChainProxy$VirtualFilterChain.doFilter(FilterChainProxy.java:371)
	at org.springframework.security.web.access.intercept.AuthorizationFilter.doFilter(AuthorizationFilter.java:101)
	at org.springframework.security.web.FilterChainProxy$VirtualFilterChain.doFilter(FilterChainProxy.java:380)
	at org.springframework.security.web.access.ExceptionTranslationFilter.doFilter(ExceptionTranslationFilter.java:126)
	at org.springframework.security.web.access.ExceptionTranslationFilter.doFilter(ExceptionTranslationFilter.java:120)
	at org.springframework.security.web.FilterChainProxy$VirtualFilterChain.doFilter(FilterChainProxy.java:380)
	at org.springframework.security.web.authentication.AnonymousAuthenticationFilter.doFilter(AnonymousAuthenticationFilter.java:100)
	at org.springframework.security.web.FilterChainProxy$VirtualFilterChain.doFilter(FilterChainProxy.java:380)
	at org.springframework.security.web.servletapi.SecurityContextHolderAwareRequestFilter.doFilter(SecurityContextHolderAwareRequestFilter.java:181)
	at org.springframework.security.web.FilterChainProxy$VirtualFilterChain.doFilter(FilterChainProxy.java:380)
	at org.springframework.security.web.savedrequest.RequestCacheAwareFilter.doFilter(RequestCacheAwareFilter.java:63)
	at org.springframework.security.web.FilterChainProxy$VirtualFilterChain.doFilter(FilterChainProxy.java:380)
	at org.springframework.security.web.authentication.AbstractAuthenticationProcessingFilter.doFilter(AbstractAuthenticationProcessingFilter.java:245)
	at org.springframework.security.web.authentication.AbstractAuthenticationProcessingFilter.doFilter(AbstractAuthenticationProcessingFilter.java:239)
	at org.springframework.security.web.FilterChainProxy$VirtualFilterChain.doFilter(FilterChainProxy.java:380)
	at org.springframework.security.web.authentication.logout.LogoutFilter.doFilter(LogoutFilter.java:110)
	at org.springframework.security.web.authentication.logout.LogoutFilter.doFilter(LogoutFilter.java:96)
	at org.springframework.security.web.FilterChainProxy$VirtualFilterChain.doFilter(FilterChainProxy.java:380)
	at org.springframework.security.web.header.HeaderWriterFilter.doHeadersAfter(HeaderWriterFilter.java:90)
	at org.springframework.security.web.header.HeaderWriterFilter.doFilterInternal(HeaderWriterFilter.java:75)
	at org.springframework.web.filter.OncePerRequestFilter.doFilter(OncePerRequestFilter.java:116)
	at org.springframework.security.web.FilterChainProxy$VirtualFilterChain.doFilter(FilterChainProxy.java:380)
	at org.springframework.security.web.context.SecurityContextHolderFilter.doFilter(SecurityContextHolderFilter.java:82)
	at org.springframework.security.web.context.SecurityContextHolderFilter.doFilter(SecurityContextHolderFilter.java:69)
	at org.springframework.security.web.FilterChainProxy$VirtualFilterChain.doFilter(FilterChainProxy.java:380)
	at org.springframework.security.web.context.request.async.WebAsyncManagerIntegrationFilter.doFilterInternal(WebAsyncManagerIntegrationFilter.java:62)
	at org.springframework.web.filter.OncePerRequestFilter.doFilter(OncePerRequestFilter.java:116)
	at org.springframework.security.web.FilterChainProxy$VirtualFilterChain.doFilter(FilterChainProxy.java:380)
	at org.springframework.security.web.session.DisableEncodeUrlFilter.doFilterInternal(DisableEncodeUrlFilter.java:42)
	at org.springframework.web.filter.OncePerRequestFilter.doFilter(OncePerRequestFilter.java:116)
	at org.springframework.security.web.FilterChainProxy$VirtualFilterChain.doFilter(FilterChainProxy.java:380)
	at org.springframework.security.web.FilterChainProxy.doFilterInternal(FilterChainProxy.java:237)
	at org.springframework.security.web.FilterChainProxy.doFilter(FilterChainProxy.java:195)
	at org.springframework.web.filter.CompositeFilter$VirtualFilterChain.doFilter(CompositeFilter.java:113)
	at org.springframework.web.filter.ServletRequestPathFilter.doFilter(ServletRequestPathFilter.java:52)
	at org.springframework.web.filter.CompositeFilter$VirtualFilterChain.doFilter(CompositeFilter.java:113)
	at org.springframework.web.filter.CompositeFilter.doFilter(CompositeFilter.java:74)
	at org.springframework.security.config.annotation.web.configuration.WebSecurityConfiguration$CompositeFilterChainProxy.doFilter(WebSecurityConfiguration.java:317)
	at org.springframework.web.filter.DelegatingFilterProxy.invokeDelegate(DelegatingFilterProxy.java:355)
	at org.springframework.web.filter.DelegatingFilterProxy.doFilter(DelegatingFilterProxy.java:272)
	at org.apache.catalina.core.ApplicationFilterChain.doFilter(ApplicationFilterChain.java:107)
	at org.springframework.web.filter.RequestContextFilter.doFilterInternal(RequestContextFilter.java:100)
	at org.springframework.web.filter.OncePerRequestFilter.doFilter(OncePerRequestFilter.java:116)
	at org.apache.catalina.core.ApplicationFilterChain.doFilter(ApplicationFilterChain.java:107)
	at org.springframework.web.filter.FormContentFilter.doFilterInternal(FormContentFilter.java:93)
	at org.springframework.web.filter.OncePerRequestFilter.doFilter(OncePerRequestFilter.java:116)
	at org.apache.catalina.core.ApplicationFilterChain.doFilter(ApplicationFilterChain.java:107)
	at org.springframework.web.filter.CharacterEncodingFilter.doFilterInternal(CharacterEncodingFilter.java:199)
	at org.springframework.web.filter.OncePerRequestFilter.doFilter(OncePerRequestFilter.java:116)
	at org.apache.catalina.core.ApplicationFilterChain.doFilter(ApplicationFilterChain.java:107)
	at org.apache.catalina.core.StandardWrapperValve.invoke(StandardWrapperValve.java:165)
	at org.apache.catalina.core.StandardContextValve.invoke(StandardContextValve.java:77)
	at org.apache.catalina.authenticator.AuthenticatorBase.invoke(AuthenticatorBase.java:482)
	at org.apache.catalina.core.StandardHostValve.invoke(StandardHostValve.java:113)
	at org.apache.catalina.valves.ErrorReportValve.invoke(ErrorReportValve.java:83)
	at org.apache.catalina.core.StandardEngineValve.invoke(StandardEngineValve.java:72)
	at org.apache.catalina.connector.CoyoteAdapter.service(CoyoteAdapter.java:341)
	at org.apache.coyote.http11.Http11Processor.service(Http11Processor.java:397)
	at org.apache.coyote.AbstractProcessorLight.process(AbstractProcessorLight.java:63)
	at org.apache.coyote.AbstractProtocol$ConnectionHandler.process(AbstractProtocol.java:903)
	at org.apache.tomcat.util.net.NioEndpoint$SocketProcessor.doRun(NioEndpoint.java:1778)
	at org.apache.tomcat.util.net.SocketProcessorBase.run(SocketProcessorBase.java:52)
	at org.apache.tomcat.util.threads.ThreadPoolExecutor.runWorker(ThreadPoolExecutor.java:946)
	at org.apache.tomcat.util.threads.ThreadPoolExecutor$Worker.run(ThreadPoolExecutor.java:480)
	at org.apache.tomcat.util.threads.TaskThread$WrappingRunnable.run(TaskThread.java:57)
	at java.base/java.lang.Thread.run(Thread.java:1583)
Caused by: org.attoparser.ParseException: Error resolving template [fragments/admin_header], template might not exist or might not be accessible by any of the configured Template Resolvers (template: "employee/home-dashboard" - line 120, col 6)
	at org.attoparser.MarkupParser.parseDocument(MarkupParser.java:393)
	at org.attoparser.MarkupParser.parse(MarkupParser.java:257)
	at org.thymeleaf.templateparser.markup.AbstractMarkupTemplateParser.parse(AbstractMarkupTemplateParser.java:230)
	... 89 common frames omitted
Caused by: org.thymeleaf.exceptions.TemplateInputException: Error resolving template [fragments/admin_header], template might not exist or might not be accessible by any of the configured Template Resolvers (template: "employee/home-dashboard" - line 120, col 6)
	at org.thymeleaf.engine.TemplateManager.resolveTemplate(TemplateManager.java:869)
	at org.thymeleaf.engine.TemplateManager.parseStandalone(TemplateManager.java:250)
	at org.thymeleaf.standard.expression.FragmentExpression.resolveExecutedFragmentExpression(FragmentExpression.java:567)
	at org.thymeleaf.standard.processor.AbstractStandardFragmentInsertionTagProcessor.computeFragment(AbstractStandardFragmentInsertionTagProcessor.java:419)
	at org.thymeleaf.standard.processor.AbstractStandardFragmentInsertionTagProcessor.doProcess(AbstractStandardFragmentInsertionTagProcessor.java:115)
	at org.thymeleaf.processor.element.AbstractAttributeTagProcessor.doProcess(AbstractAttributeTagProcessor.java:74)
	at org.thymeleaf.processor.element.AbstractElementTagProcessor.process(AbstractElementTagProcessor.java:95)
	at org.thymeleaf.util.ProcessorConfigurationUtils$ElementTagProcessorWrapper.process(ProcessorConfigurationUtils.java:633)
	at org.thymeleaf.engine.ProcessorTemplateHandler.handleOpenElement(ProcessorTemplateHandler.java:1314)
	at org.thymeleaf.engine.TemplateHandlerAdapterMarkupHandler.handleOpenElementEnd(TemplateHandlerAdapterMarkupHandler.java:304)
	at org.thymeleaf.templateparser.markup.InlinedOutputExpressionMarkupHandler$InlineMarkupAdapterPreProcessorHandler.handleOpenElementEnd(InlinedOutputExpressionMarkupHandler.java:278)
	at org.thymeleaf.standard.inline.OutputExpressionInlinePreProcessorHandler.handleOpenElementEnd(OutputExpressionInlinePreProcessorHandler.java:186)
	at org.thymeleaf.templateparser.markup.InlinedOutputExpressionMarkupHandler.handleOpenElementEnd(InlinedOutputExpressionMarkupHandler.java:124)
	at org.attoparser.HtmlElement.handleOpenElementEnd(HtmlElement.java:109)
	at org.attoparser.HtmlMarkupHandler.handleOpenElementEnd(HtmlMarkupHandler.java:297)
	at org.attoparser.MarkupEventProcessorHandler.handleOpenElementEnd(MarkupEventProcessorHandler.java:402)
	at org.attoparser.ParsingElementMarkupUtil.parseOpenElement(ParsingElementMarkupUtil.java:159)
	at org.attoparser.MarkupParser.parseBuffer(MarkupParser.java:710)
	at org.attoparser.MarkupParser.parseDocument(MarkupParser.java:301)
	... 91 common frames omitted
2026-01-22 15:42:59 [ERROR] [] [:] o.a.c.c.C.[.[.[.[dispatcherServlet] - Servlet.service() for servlet [dispatcherServlet] in context with path [] threw exception [Request processing failed: org.thymeleaf.exceptions.TemplateInputException: An error happened during template parsing (template: "class path resource [templates/employee/home-dashboard.html]")] with root cause
org.thymeleaf.exceptions.TemplateInputException: Error resolving template [fragments/admin_header], template might not exist or might not be accessible by any of the configured Template Resolvers (template: "employee/home-dashboard" - line 120, col 6)
	at org.thymeleaf.engine.TemplateManager.resolveTemplate(TemplateManager.java:869)
	at org.thymeleaf.engine.TemplateManager.parseStandalone(TemplateManager.java:250)
	at org.thymeleaf.standard.expression.FragmentExpression.resolveExecutedFragmentExpression(FragmentExpression.java:567)
	at org.thymeleaf.standard.processor.AbstractStandardFragmentInsertionTagProcessor.computeFragment(AbstractStandardFragmentInsertionTagProcessor.java:419)
	at org.thymeleaf.standard.processor.AbstractStandardFragmentInsertionTagProcessor.doProcess(AbstractStandardFragmentInsertionTagProcessor.java:115)
	at org.thymeleaf.processor.element.AbstractAttributeTagProcessor.doProcess(AbstractAttributeTagProcessor.java:74)
	at org.thymeleaf.processor.element.AbstractElementTagProcessor.process(AbstractElementTagProcessor.java:95)
	at org.thymeleaf.util.ProcessorConfigurationUtils$ElementTagProcessorWrapper.process(ProcessorConfigurationUtils.java:633)
	at org.thymeleaf.engine.ProcessorTemplateHandler.handleOpenElement(ProcessorTemplateHandler.java:1314)
	at org.thymeleaf.engine.TemplateHandlerAdapterMarkupHandler.handleOpenElementEnd(TemplateHandlerAdapterMarkupHandler.java:304)
	at org.thymeleaf.templateparser.markup.InlinedOutputExpressionMarkupHandler$InlineMarkupAdapterPreProcessorHandler.handleOpenElementEnd(InlinedOutputExpressionMarkupHandler.java:278)
	at org.thymeleaf.standard.inline.OutputExpressionInlinePreProcessorHandler.handleOpenElementEnd(OutputExpressionInlinePreProcessorHandler.java:186)
	at org.thymeleaf.templateparser.markup.InlinedOutputExpressionMarkupHandler.handleOpenElementEnd(InlinedOutputExpressionMarkupHandler.java:124)
	at org.attoparser.HtmlElement.handleOpenElementEnd(HtmlElement.java:109)
	at org.attoparser.HtmlMarkupHandler.handleOpenElementEnd(HtmlMarkupHandler.java:297)
	at org.attoparser.MarkupEventProcessorHandler.handleOpenElementEnd(MarkupEventProcessorHandler.java:402)
	at org.attoparser.ParsingElementMarkupUtil.parseOpenElement(ParsingElementMarkupUtil.java:159)
	at org.attoparser.MarkupParser.parseBuffer(MarkupParser.java:710)
	at org.attoparser.MarkupParser.parseDocument(MarkupParser.java:301)
	at org.attoparser.MarkupParser.parse(MarkupParser.java:257)
	at org.thymeleaf.templateparser.markup.AbstractMarkupTemplateParser.parse(AbstractMarkupTemplateParser.java:230)
	at org.thymeleaf.templateparser.markup.AbstractMarkupTemplateParser.parseStandalone(AbstractMarkupTemplateParser.java:100)
	at org.thymeleaf.engine.TemplateManager.parseAndProcess(TemplateManager.java:666)
	at org.thymeleaf.TemplateEngine.process(TemplateEngine.java:1103)
	at org.thymeleaf.TemplateEngine.process(TemplateEngine.java:1077)
	at org.thymeleaf.spring6.view.ThymeleafView.renderFragment(ThymeleafView.java:372)
	at org.thymeleaf.spring6.view.ThymeleafView.render(ThymeleafView.java:192)
	at org.springframework.web.servlet.DispatcherServlet.render(DispatcherServlet.java:1305)
	at org.springframework.web.servlet.DispatcherServlet.processDispatchResult(DispatcherServlet.java:1042)
	at org.springframework.web.servlet.DispatcherServlet.doDispatch(DispatcherServlet.java:980)
	at org.springframework.web.servlet.DispatcherServlet.doService(DispatcherServlet.java:866)
	at org.springframework.web.servlet.FrameworkServlet.processRequest(FrameworkServlet.java:1003)
	at org.springframework.web.servlet.FrameworkServlet.doGet(FrameworkServlet.java:892)
	at jakarta.servlet.http.HttpServlet.service(HttpServlet.java:622)
	at org.springframework.web.servlet.FrameworkServlet.service(FrameworkServlet.java:874)
	at jakarta.servlet.http.HttpServlet.service(HttpServlet.java:710)
	at org.apache.catalina.core.ApplicationFilterChain.doFilter(ApplicationFilterChain.java:128)
	at org.apache.tomcat.websocket.server.WsFilter.doFilter(WsFilter.java:53)
	at org.apache.catalina.core.ApplicationFilterChain.doFilter(ApplicationFilterChain.java:107)
	at com.webapp.demo_app.config.LoggingContextFilter.doFilterInternal(LoggingContextFilter.java:35)
	at org.springframework.web.filter.OncePerRequestFilter.doFilter(OncePerRequestFilter.java:116)
	at org.apache.catalina.core.ApplicationFilterChain.doFilter(ApplicationFilterChain.java:107)
	at org.springframework.web.filter.CompositeFilter$VirtualFilterChain.doFilter(CompositeFilter.java:108)
	at org.springframework.security.web.FilterChainProxy.lambda$doFilterInternal$3(FilterChainProxy.java:235)
	at org.springframework.security.web.FilterChainProxy$VirtualFilterChain.doFilter(FilterChainProxy.java:371)
	at org.springframework.security.web.access.intercept.AuthorizationFilter.doFilter(AuthorizationFilter.java:101)
	at org.springframework.security.web.FilterChainProxy$VirtualFilterChain.doFilter(FilterChainProxy.java:380)
	at org.springframework.security.web.access.ExceptionTranslationFilter.doFilter(ExceptionTranslationFilter.java:126)
	at org.springframework.security.web.access.ExceptionTranslationFilter.doFilter(ExceptionTranslationFilter.java:120)
	at org.springframework.security.web.FilterChainProxy$VirtualFilterChain.doFilter(FilterChainProxy.java:380)
	at org.springframework.security.web.authentication.AnonymousAuthenticationFilter.doFilter(AnonymousAuthenticationFilter.java:100)
	at org.springframework.security.web.FilterChainProxy$VirtualFilterChain.doFilter(FilterChainProxy.java:380)
	at org.springframework.security.web.servletapi.SecurityContextHolderAwareRequestFilter.doFilter(SecurityContextHolderAwareRequestFilter.java:181)
	at org.springframework.security.web.FilterChainProxy$VirtualFilterChain.doFilter(FilterChainProxy.java:380)
	at org.springframework.security.web.savedrequest.RequestCacheAwareFilter.doFilter(RequestCacheAwareFilter.java:63)
	at org.springframework.security.web.FilterChainProxy$VirtualFilterChain.doFilter(FilterChainProxy.java:380)
	at org.springframework.security.web.authentication.AbstractAuthenticationProcessingFilter.doFilter(AbstractAuthenticationProcessingFilter.java:245)
	at org.springframework.security.web.authentication.AbstractAuthenticationProcessingFilter.doFilter(AbstractAuthenticationProcessingFilter.java:239)
	at org.springframework.security.web.FilterChainProxy$VirtualFilterChain.doFilter(FilterChainProxy.java:380)
	at org.springframework.security.web.authentication.logout.LogoutFilter.doFilter(LogoutFilter.java:110)
	at org.springframework.security.web.authentication.logout.LogoutFilter.doFilter(LogoutFilter.java:96)
	at org.springframework.security.web.FilterChainProxy$VirtualFilterChain.doFilter(FilterChainProxy.java:380)
	at org.springframework.security.web.header.HeaderWriterFilter.doHeadersAfter(HeaderWriterFilter.java:90)
	at org.springframework.security.web.header.HeaderWriterFilter.doFilterInternal(HeaderWriterFilter.java:75)
	at org.springframework.web.filter.OncePerRequestFilter.doFilter(OncePerRequestFilter.java:116)
	at org.springframework.security.web.FilterChainProxy$VirtualFilterChain.doFilter(FilterChainProxy.java:380)
	at org.springframework.security.web.context.SecurityContextHolderFilter.doFilter(SecurityContextHolderFilter.java:82)
	at org.springframework.security.web.context.SecurityContextHolderFilter.doFilter(SecurityContextHolderFilter.java:69)
	at org.springframework.security.web.FilterChainProxy$VirtualFilterChain.doFilter(FilterChainProxy.java:380)
	at org.springframework.security.web.context.request.async.WebAsyncManagerIntegrationFilter.doFilterInternal(WebAsyncManagerIntegrationFilter.java:62)
	at org.springframework.web.filter.OncePerRequestFilter.doFilter(OncePerRequestFilter.java:116)
	at org.springframework.security.web.FilterChainProxy$VirtualFilterChain.doFilter(FilterChainProxy.java:380)
	at org.springframework.security.web.session.DisableEncodeUrlFilter.doFilterInternal(DisableEncodeUrlFilter.java:42)
	at org.springframework.web.filter.OncePerRequestFilter.doFilter(OncePerRequestFilter.java:116)
	at org.springframework.security.web.FilterChainProxy$VirtualFilterChain.doFilter(FilterChainProxy.java:380)
	at org.springframework.security.web.FilterChainProxy.doFilterInternal(FilterChainProxy.java:237)
	at org.springframework.security.web.FilterChainProxy.doFilter(FilterChainProxy.java:195)
	at org.springframework.web.filter.CompositeFilter$VirtualFilterChain.doFilter(CompositeFilter.java:113)
	at org.springframework.web.filter.ServletRequestPathFilter.doFilter(ServletRequestPathFilter.java:52)
	at org.springframework.web.filter.CompositeFilter$VirtualFilterChain.doFilter(CompositeFilter.java:113)
	at org.springframework.web.filter.CompositeFilter.doFilter(CompositeFilter.java:74)
	at org.springframework.security.config.annotation.web.configuration.WebSecurityConfiguration$CompositeFilterChainProxy.doFilter(WebSecurityConfiguration.java:317)
	at org.springframework.web.filter.DelegatingFilterProxy.invokeDelegate(DelegatingFilterProxy.java:355)
	at org.springframework.web.filter.DelegatingFilterProxy.doFilter(DelegatingFilterProxy.java:272)
	at org.apache.catalina.core.ApplicationFilterChain.doFilter(ApplicationFilterChain.java:107)
	at org.springframework.web.filter.RequestContextFilter.doFilterInternal(RequestContextFilter.java:100)
	at org.springframework.web.filter.OncePerRequestFilter.doFilter(OncePerRequestFilter.java:116)
	at org.apache.catalina.core.ApplicationFilterChain.doFilter(ApplicationFilterChain.java:107)
	at org.springframework.web.filter.FormContentFilter.doFilterInternal(FormContentFilter.java:93)
	at org.springframework.web.filter.OncePerRequestFilter.doFilter(OncePerRequestFilter.java:116)
	at org.apache.catalina.core.ApplicationFilterChain.doFilter(ApplicationFilterChain.java:107)
	at org.springframework.web.filter.CharacterEncodingFilter.doFilterInternal(CharacterEncodingFilter.java:199)
	at org.springframework.web.filter.OncePerRequestFilter.doFilter(OncePerRequestFilter.java:116)
	at org.apache.catalina.core.ApplicationFilterChain.doFilter(ApplicationFilterChain.java:107)
	at org.apache.catalina.core.StandardWrapperValve.invoke(StandardWrapperValve.java:165)
	at org.apache.catalina.core.StandardContextValve.invoke(StandardContextValve.java:77)
	at org.apache.catalina.authenticator.AuthenticatorBase.invoke(AuthenticatorBase.java:482)
	at org.apache.catalina.core.StandardHostValve.invoke(StandardHostValve.java:113)
	at org.apache.catalina.valves.ErrorReportValve.invoke(ErrorReportValve.java:83)
	at org.apache.catalina.core.StandardEngineValve.invoke(StandardEngineValve.java:72)
	at org.apache.catalina.connector.CoyoteAdapter.service(CoyoteAdapter.java:341)
	at org.apache.coyote.http11.Http11Processor.service(Http11Processor.java:397)
	at org.apache.coyote.AbstractProcessorLight.process(AbstractProcessorLight.java:63)
	at org.apache.coyote.AbstractProtocol$ConnectionHandler.process(AbstractProtocol.java:903)
	at org.apache.tomcat.util.net.NioEndpoint$SocketProcessor.doRun(NioEndpoint.java:1778)
	at org.apache.tomcat.util.net.SocketProcessorBase.run(SocketProcessorBase.java:52)
	at org.apache.tomcat.util.threads.ThreadPoolExecutor.runWorker(ThreadPoolExecutor.java:946)
	at org.apache.tomcat.util.threads.ThreadPoolExecutor$Worker.run(ThreadPoolExecutor.java:480)
	at org.apache.tomcat.util.threads.TaskThread$WrappingRunnable.run(TaskThread.java:57)
	at java.base/java.lang.Thread.run(Thread.java:1583)
2026-01-22 15:43:01 [INFO] [ROLE_EMPLOYEE] [Muhammet:5] c.w.d.controller.EmployeeController - Employee dashboard accessed
2026-01-22 15:43:08 [INFO] [ROLE_EMPLOYEE] [Muhammet:5] c.w.d.controller.EmployeeController - Employee dashboard accessed
2026-01-22 15:43:08 [INFO] [ROLE_EMPLOYEE] [Muhammet:5] c.w.d.controller.EmployeeController - Employee dashboard accessed
2026-01-22 15:44:57 [INFO] [ROLE_EMPLOYEE] [Muhammet:5] c.w.d.controller.EmployeeController - Employee dashboard accessed
2026-01-22 15:45:20 [INFO] [ROLE_EMPLOYEE] [Muhammet:5] c.w.d.controller.EmployeeController - Employee dashboard accessed
2026-01-22 15:45:21 [INFO] [ROLE_EMPLOYEE] [Muhammet:5] c.w.d.controller.EmployeeController - Employee dashboard accessed
2026-01-22 15:45:40 [INFO] [ROLE_EMPLOYEE] [Muhammet:5] c.w.d.controller.EmployeeController - Employee dashboard accessed
2026-01-22 15:45:40 [INFO] [ROLE_EMPLOYEE] [Muhammet:5] c.w.d.controller.EmployeeController - Employee dashboard accessed
2026-01-22 15:45:53 [INFO] [ROLE_EMPLOYEE] [Muhammet:5] c.w.d.controller.EmployeeController - Employee dashboard accessed
2026-01-22 15:45:53 [INFO] [ROLE_EMPLOYEE] [Muhammet:5] c.w.d.controller.EmployeeController - Employee dashboard accessed
2026-01-22 15:46:26 [INFO] [ROLE_EMPLOYEE] [Muhammet:5] c.w.d.controller.EmployeeController - Employee dashboard accessed
2026-01-22 15:46:26 [INFO] [ROLE_EMPLOYEE] [Muhammet:5] c.w.d.controller.EmployeeController - Employee dashboard accessed
2026-01-22 15:46:37 [INFO] [ROLE_EMPLOYEE] [Muhammet:5] c.w.d.controller.EmployeeController - Employee dashboard accessed
2026-01-22 15:46:37 [INFO] [ROLE_EMPLOYEE] [Muhammet:5] c.w.d.controller.EmployeeController - Employee dashboard accessed
2026-01-22 15:46:40 [INFO] [ROLE_EMPLOYEE] [Muhammet:5] c.w.d.controller.SettingsController - Settings page accessed
2026-01-22 15:46:42 [INFO] [ROLE_EMPLOYEE] [Muhammet:5] c.w.d.controller.EmployeeController - Employee dashboard accessed
2026-01-22 15:46:43 [INFO] [ROLE_EMPLOYEE] [Muhammet:5] c.w.d.controller.SettingsController - Settings page accessed
2026-01-22 15:46:48 [INFO] [ROLE_EMPLOYEE] [Muhammet:5] c.w.d.controller.EmployeeController - Employee dashboard accessed
2026-01-22 15:46:49 [INFO] [ROLE_EMPLOYEE] [Muhammet:5] c.w.d.controller.SettingsController - Settings page accessed
2026-01-22 15:46:51 [INFO] [ROLE_EMPLOYEE] [Muhammet:5] c.w.d.controller.EmployeeController - Employee dashboard accessed
2026-01-22 15:48:55 [INFO] [ROLE_EMPLOYEE] [Muhammet:5] c.w.d.controller.EmployeeController - Employee dashboard accessed
2026-01-22 15:49:03 [INFO] [ROLE_ADMIN] [admin:2] c.w.d.controller.AdminController - Admin dashboard accessed
2026-01-22 16:02:29 [INFO] [ROLE_ADMIN] [admin:2] c.w.d.controller.AdminController - Admin dashboard accessed
2026-01-22 16:02:30 [INFO] [ROLE_ADMIN] [admin:2] c.w.d.controller.AdminController - All employees list viewed
2026-01-22 16:02:58 [INFO] [ROLE_ADMIN] [admin:2] c.w.d.controller.AdminController - All employees list viewed
2026-01-22 16:03:01 [INFO] [ROLE_ADMIN] [admin:2] c.w.d.controller.AdminController - All employees list viewed
2026-01-22 16:03:08 [INFO] [ROLE_ADMIN] [admin:2] c.w.d.controller.AdminController - All employees list viewed
2026-01-22 16:03:27 [INFO] [ROLE_ADMIN] [admin:2] c.w.d.controller.AdminController - All employees list viewed
2026-01-22 16:03:28 [INFO] [ROLE_ADMIN] [admin:2] c.w.d.controller.AdminController - All employees list viewed
2026-01-22 16:05:09 [INFO] [ROLE_ADMIN] [admin:2] c.w.d.controller.AdminController - All employees list viewed
2026-01-22 16:05:10 [INFO] [ROLE_ADMIN] [admin:2] c.w.d.controller.AdminController - Admin dashboard accessed
2026-01-22 16:05:16 [INFO] [ROLE_ADMIN] [admin:2] c.w.d.controller.AdminController - Jobs overview viewed
2026-01-22 16:05:17 [INFO] [ROLE_ADMIN] [admin:2] c.w.d.controller.AdminController - Admin dashboard accessed
2026-01-22 16:05:17 [INFO] [ROLE_ADMIN] [admin:2] c.w.d.controller.AdminController - Completed jobs viewed
2026-01-22 16:05:18 [INFO] [ROLE_ADMIN] [admin:2] c.w.d.controller.AdminController - Admin dashboard accessed
2026-01-22 16:05:19 [INFO] [ROLE_ADMIN] [admin:2] c.w.d.controller.AdminController - Admin dashboard accessed
2026-01-22 16:05:37 [INFO] [ROLE_ADMIN] [admin:2] c.w.d.controller.AdminController - Admin dashboard accessed
2026-01-22 16:05:38 [INFO] [ROLE_ADMIN] [admin:2] c.w.d.controller.AdminController - Admin dashboard accessed
2026-01-22 16:07:24 [INFO] [ROLE_ADMIN] [admin:2] c.w.d.controller.AdminController - Admin dashboard accessed
