2026-01-19 14:29:54 [INFO] [] [:] c.webapp.demo_app.DemoAppApplication - Starting DemoAppApplication using Java 21.0.3 with PID 12160 (C:\Users\coder\Desktop\demo_app\target\classes started by coder in C:\Users\coder\Desktop\demo_app)
2026-01-19 14:29:54 [INFO] [] [:] c.webapp.demo_app.DemoAppApplication - The following 1 profile is active: "local"
2026-01-19 14:29:56 [INFO] [] [:] o.a.coyote.http11.Http11NioProtocol - Initializing ProtocolHandler ["http-nio-8080"]
2026-01-19 14:29:56 [INFO] [] [:] o.a.catalina.core.StandardService - Starting service [Tomcat]
2026-01-19 14:29:56 [INFO] [] [:] o.a.catalina.core.StandardEngine - Starting Servlet engine: [Apache Tomcat/11.0.15]
2026-01-19 14:29:56 [INFO] [] [:] com.zaxxer.hikari.HikariDataSource - HikariPool-1 - Starting...
2026-01-19 14:29:57 [INFO] [] [:] com.zaxxer.hikari.pool.HikariPool - HikariPool-1 - Added connection org.postgresql.jdbc.PgConnection@1dbff44e
2026-01-19 14:29:57 [INFO] [] [:] com.zaxxer.hikari.HikariDataSource - HikariPool-1 - Start completed.
2026-01-19 14:29:59 [WARN] [] [:] o.s.b.j.a.JpaBaseConfiguration$JpaWebConfiguration - spring.jpa.open-in-view is enabled by default. Therefore, database queries may be performed during view rendering. Explicitly configure spring.jpa.open-in-view to disable this warning
2026-01-19 14:29:59 [INFO] [] [:] o.a.coyote.http11.Http11NioProtocol - Starting ProtocolHandler ["http-nio-8080"]
2026-01-19 14:29:59 [INFO] [] [:] c.webapp.demo_app.DemoAppApplication - Started DemoAppApplication in 5.361 seconds (process running for 6.555)
2026-01-19 14:30:05 [INFO] [] [:] com.zaxxer.hikari.HikariDataSource - HikariPool-1 - Shutdown initiated...
2026-01-19 14:30:05 [INFO] [] [:] com.zaxxer.hikari.HikariDataSource - HikariPool-1 - Shutdown completed.
2026-01-19 14:31:47 [INFO] [] [:] c.webapp.demo_app.DemoAppApplication - Starting DemoAppApplication using Java 21.0.3 with PID 12924 (C:\Users\coder\Desktop\demo_app\target\classes started by coder in C:\Users\coder\Desktop\demo_app)
2026-01-19 14:31:47 [INFO] [] [:] c.webapp.demo_app.DemoAppApplication - The following 1 profile is active: "local"
2026-01-19 14:31:48 [INFO] [] [:] o.a.coyote.http11.Http11NioProtocol - Initializing ProtocolHandler ["http-nio-8080"]
2026-01-19 14:31:48 [INFO] [] [:] o.a.catalina.core.StandardService - Starting service [Tomcat]
2026-01-19 14:31:48 [INFO] [] [:] o.a.catalina.core.StandardEngine - Starting Servlet engine: [Apache Tomcat/11.0.15]
2026-01-19 14:31:48 [INFO] [] [:] com.zaxxer.hikari.HikariDataSource - HikariPool-1 - Starting...
2026-01-19 14:31:48 [INFO] [] [:] com.zaxxer.hikari.pool.HikariPool - HikariPool-1 - Added connection org.postgresql.jdbc.PgConnection@2af44802
2026-01-19 14:31:48 [INFO] [] [:] com.zaxxer.hikari.HikariDataSource - HikariPool-1 - Start completed.
2026-01-19 14:31:50 [WARN] [] [:] o.s.b.j.a.JpaBaseConfiguration$JpaWebConfiguration - spring.jpa.open-in-view is enabled by default. Therefore, database queries may be performed during view rendering. Explicitly configure spring.jpa.open-in-view to disable this warning
2026-01-19 14:31:51 [INFO] [] [:] o.a.coyote.http11.Http11NioProtocol - Starting ProtocolHandler ["http-nio-8080"]
2026-01-19 14:31:51 [INFO] [] [:] c.webapp.demo_app.DemoAppApplication - Started DemoAppApplication in 4.416 seconds (process running for 4.99)
2026-01-19 14:31:54 [INFO] [] [:] o.a.c.c.C.[Tomcat].[localhost].[/] - Initializing Spring DispatcherServlet 'dispatcherServlet'
2026-01-19 14:32:01 [INFO] [ROLE_ADMIN] [admin:2] c.w.d.controller.AdminController - Admin dashboard accessed
2026-01-19 14:32:23 [INFO] [ROLE_ADMIN] [admin:2] c.w.d.controller.AdminController - Admin dashboard accessed
2026-01-19 14:32:30 [INFO] [ROLE_EMPLOYEE] [Muhammet:5] c.w.d.controller.EmployeeController - Employee dashboard accessed
2026-01-19 14:32:52 [INFO] [ROLE_EMPLOYEE] [Muhammet:5] c.w.d.controller.EmployeeController - Availability submission requested
2026-01-19 14:32:52 [WARN] [ROLE_EMPLOYEE] [Muhammet:5] c.w.d.controller.EmployeeController - Availability validation failed: Bu hafta için en az 5 gün (5 saat arka arkaya) seçmelisiniz. Şu anda 4 gün seçilmiş. 1 gün eksik.
2026-01-19 14:34:36 [INFO] [ROLE_EMPLOYEE] [Muhammet:5] c.w.d.controller.EmployeeController - Employee dashboard accessed
2026-01-19 14:34:38 [INFO] [] [:] o.a.coyote.http11.Http11NioProtocol - Pausing ProtocolHandler ["http-nio-8080"]
2026-01-19 14:34:38 [INFO] [] [:] o.a.coyote.http11.Http11NioProtocol - Stopping ProtocolHandler ["http-nio-8080"]
2026-01-19 14:34:38 [INFO] [] [:] com.zaxxer.hikari.HikariDataSource - HikariPool-1 - Shutdown initiated...
2026-01-19 14:34:38 [INFO] [] [:] com.zaxxer.hikari.HikariDataSource - HikariPool-1 - Shutdown completed.
2026-01-19 14:34:38 [INFO] [] [:] c.webapp.demo_app.DemoAppApplication - Starting DemoAppApplication using Java 21.0.3 with PID 12924 (C:\Users\coder\Desktop\demo_app\target\classes started by coder in C:\Users\coder\Desktop\demo_app)
2026-01-19 14:34:38 [INFO] [] [:] c.webapp.demo_app.DemoAppApplication - The following 1 profile is active: "local"
2026-01-19 14:34:38 [INFO] [] [:] o.a.coyote.http11.Http11NioProtocol - Initializing ProtocolHandler ["http-nio-8080"]
2026-01-19 14:34:38 [INFO] [] [:] o.a.catalina.core.StandardService - Starting service [Tomcat]
2026-01-19 14:34:38 [INFO] [] [:] o.a.catalina.core.StandardEngine - Starting Servlet engine: [Apache Tomcat/11.0.15]
2026-01-19 14:34:38 [INFO] [] [:] com.zaxxer.hikari.HikariDataSource - HikariPool-2 - Starting...
2026-01-19 14:34:38 [INFO] [] [:] com.zaxxer.hikari.pool.HikariPool - HikariPool-2 - Added connection org.postgresql.jdbc.PgConnection@3a253614
2026-01-19 14:34:38 [INFO] [] [:] com.zaxxer.hikari.HikariDataSource - HikariPool-2 - Start completed.
2026-01-19 14:34:39 [WARN] [] [:] o.s.b.j.a.JpaBaseConfiguration$JpaWebConfiguration - spring.jpa.open-in-view is enabled by default. Therefore, database queries may be performed during view rendering. Explicitly configure spring.jpa.open-in-view to disable this warning
2026-01-19 14:34:39 [INFO] [] [:] o.a.coyote.http11.Http11NioProtocol - Starting ProtocolHandler ["http-nio-8080"]
2026-01-19 14:34:39 [INFO] [] [:] c.webapp.demo_app.DemoAppApplication - Started DemoAppApplication in 0.974 seconds (process running for 173.055)
2026-01-19 14:34:39 [INFO] [] [:] o.a.c.c.C.[Tomcat].[localhost].[/] - Initializing Spring DispatcherServlet 'dispatcherServlet'
2026-01-19 14:34:39 [INFO] [ROLE_EMPLOYEE] [Muhammet:5] c.w.d.controller.EmployeeController - Employee dashboard accessed
2026-01-19 14:34:40 [INFO] [] [:] o.a.coyote.http11.Http11NioProtocol - Pausing ProtocolHandler ["http-nio-8080"]
2026-01-19 14:34:40 [INFO] [] [:] o.a.coyote.http11.Http11NioProtocol - Stopping ProtocolHandler ["http-nio-8080"]
2026-01-19 14:34:40 [INFO] [] [:] com.zaxxer.hikari.HikariDataSource - HikariPool-2 - Shutdown initiated...
2026-01-19 14:34:40 [INFO] [] [:] com.zaxxer.hikari.HikariDataSource - HikariPool-2 - Shutdown completed.
2026-01-19 14:34:40 [INFO] [] [:] c.webapp.demo_app.DemoAppApplication - Starting DemoAppApplication using Java 21.0.3 with PID 12924 (C:\Users\coder\Desktop\demo_app\target\classes started by coder in C:\Users\coder\Desktop\demo_app)
2026-01-19 14:34:40 [INFO] [] [:] c.webapp.demo_app.DemoAppApplication - The following 1 profile is active: "local"
2026-01-19 14:34:40 [INFO] [] [:] o.a.coyote.http11.Http11NioProtocol - Initializing ProtocolHandler ["http-nio-8080"]
2026-01-19 14:34:40 [INFO] [] [:] o.a.catalina.core.StandardService - Starting service [Tomcat]
2026-01-19 14:34:40 [INFO] [] [:] o.a.catalina.core.StandardEngine - Starting Servlet engine: [Apache Tomcat/11.0.15]
2026-01-19 14:34:40 [INFO] [] [:] com.zaxxer.hikari.HikariDataSource - HikariPool-3 - Starting...
2026-01-19 14:34:41 [INFO] [] [:] com.zaxxer.hikari.pool.HikariPool - HikariPool-3 - Added connection org.postgresql.jdbc.PgConnection@60e7f727
2026-01-19 14:34:41 [INFO] [] [:] com.zaxxer.hikari.HikariDataSource - HikariPool-3 - Start completed.
2026-01-19 14:34:41 [WARN] [] [:] o.s.b.j.a.JpaBaseConfiguration$JpaWebConfiguration - spring.jpa.open-in-view is enabled by default. Therefore, database queries may be performed during view rendering. Explicitly configure spring.jpa.open-in-view to disable this warning
2026-01-19 14:34:41 [INFO] [] [:] o.a.coyote.http11.Http11NioProtocol - Starting ProtocolHandler ["http-nio-8080"]
2026-01-19 14:34:41 [INFO] [] [:] c.webapp.demo_app.DemoAppApplication - Started DemoAppApplication in 0.825 seconds (process running for 175.35)
2026-01-19 14:34:41 [INFO] [] [:] o.a.c.c.C.[Tomcat].[localhost].[/] - Initializing Spring DispatcherServlet 'dispatcherServlet'
2026-01-19 14:34:41 [INFO] [ROLE_EMPLOYEE] [Muhammet:5] c.w.d.controller.EmployeeController - Employee dashboard accessed
2026-01-19 14:34:51 [INFO] [ROLE_EMPLOYEE] [Muhammet:5] c.w.d.controller.EmployeeController - Availability submission requested
2026-01-19 14:34:51 [WARN] [ROLE_EMPLOYEE] [Muhammet:5] c.w.d.controller.EmployeeController - Availability validation failed: Bu hafta için en az 5 gün 4 seçmelisiniz. Şu anda 4 gün seçilmiş. 1 gün eksik.
2026-01-19 14:35:20 [INFO] [ROLE_EMPLOYEE] [Muhammet:5] c.w.d.controller.EmployeeController - Employee dashboard accessed
2026-01-19 14:35:21 [INFO] [] [:] o.a.coyote.http11.Http11NioProtocol - Pausing ProtocolHandler ["http-nio-8080"]
2026-01-19 14:35:21 [INFO] [] [:] o.a.coyote.http11.Http11NioProtocol - Stopping ProtocolHandler ["http-nio-8080"]
2026-01-19 14:35:21 [INFO] [] [:] com.zaxxer.hikari.HikariDataSource - HikariPool-3 - Shutdown initiated...
2026-01-19 14:35:21 [INFO] [] [:] com.zaxxer.hikari.HikariDataSource - HikariPool-3 - Shutdown completed.
2026-01-19 14:35:22 [INFO] [] [:] c.webapp.demo_app.DemoAppApplication - Starting DemoAppApplication using Java 21.0.3 with PID 12924 (C:\Users\coder\Desktop\demo_app\target\classes started by coder in C:\Users\coder\Desktop\demo_app)
2026-01-19 14:35:22 [INFO] [] [:] c.webapp.demo_app.DemoAppApplication - The following 1 profile is active: "local"
2026-01-19 14:35:22 [INFO] [] [:] o.a.coyote.http11.Http11NioProtocol - Initializing ProtocolHandler ["http-nio-8080"]
2026-01-19 14:35:22 [INFO] [] [:] o.a.catalina.core.StandardService - Starting service [Tomcat]
2026-01-19 14:35:22 [INFO] [] [:] o.a.catalina.core.StandardEngine - Starting Servlet engine: [Apache Tomcat/11.0.15]
2026-01-19 14:35:22 [INFO] [] [:] com.zaxxer.hikari.HikariDataSource - HikariPool-4 - Starting...
2026-01-19 14:35:22 [INFO] [] [:] com.zaxxer.hikari.pool.HikariPool - HikariPool-4 - Added connection org.postgresql.jdbc.PgConnection@704c6d77
2026-01-19 14:35:22 [INFO] [] [:] com.zaxxer.hikari.HikariDataSource - HikariPool-4 - Start completed.
2026-01-19 14:35:22 [WARN] [] [:] o.s.b.w.s.s.c.AnnotationConfigServletWebServerApplicationContext - Exception encountered during context initialization - cancelling refresh attempt: org.springframework.beans.factory.UnsatisfiedDependencyException: Error creating bean with name 'availabilityCleanupScheduler' defined in file [C:\Users\coder\Desktop\demo_app\target\classes\com\webapp\demo_app\config\AvailabilityCleanupScheduler.class]: Unsatisfied dependency expressed through constructor parameter 0: No qualifying bean of type 'com.webapp.demo_app.service.AvailabilityService' available: expected at least 1 bean which qualifies as autowire candidate. Dependency annotations: {}
2026-01-19 14:35:22 [INFO] [] [:] com.zaxxer.hikari.HikariDataSource - HikariPool-4 - Shutdown initiated...
2026-01-19 14:35:22 [INFO] [] [:] com.zaxxer.hikari.HikariDataSource - HikariPool-4 - Shutdown completed.
2026-01-19 14:35:22 [INFO] [] [:] o.a.catalina.core.StandardService - Stopping service [Tomcat]
2026-01-19 14:35:22 [ERROR] [] [:] o.s.b.d.LoggingFailureAnalysisReporter - 

***************************
APPLICATION FAILED TO START
***************************

Description:

Parameter 0 of constructor in com.webapp.demo_app.config.AvailabilityCleanupScheduler required a bean of type 'com.webapp.demo_app.service.AvailabilityService' that could not be found.


Action:

Consider defining a bean of type 'com.webapp.demo_app.service.AvailabilityService' in your configuration.

2026-01-19 14:35:24 [INFO] [] [:] c.webapp.demo_app.DemoAppApplication - Starting DemoAppApplication using Java 21.0.3 with PID 12924 (C:\Users\coder\Desktop\demo_app\target\classes started by coder in C:\Users\coder\Desktop\demo_app)
2026-01-19 14:35:24 [INFO] [] [:] c.webapp.demo_app.DemoAppApplication - The following 1 profile is active: "local"
2026-01-19 14:35:24 [INFO] [] [:] o.a.coyote.http11.Http11NioProtocol - Initializing ProtocolHandler ["http-nio-8080"]
2026-01-19 14:35:24 [INFO] [] [:] o.a.catalina.core.StandardService - Starting service [Tomcat]
2026-01-19 14:35:24 [INFO] [] [:] o.a.catalina.core.StandardEngine - Starting Servlet engine: [Apache Tomcat/11.0.15]
2026-01-19 14:35:24 [INFO] [] [:] com.zaxxer.hikari.HikariDataSource - HikariPool-5 - Starting...
2026-01-19 14:35:24 [INFO] [] [:] com.zaxxer.hikari.pool.HikariPool - HikariPool-5 - Added connection org.postgresql.jdbc.PgConnection@39322b7b
2026-01-19 14:35:24 [INFO] [] [:] com.zaxxer.hikari.HikariDataSource - HikariPool-5 - Start completed.
2026-01-19 14:35:24 [WARN] [] [:] o.s.b.j.a.JpaBaseConfiguration$JpaWebConfiguration - spring.jpa.open-in-view is enabled by default. Therefore, database queries may be performed during view rendering. Explicitly configure spring.jpa.open-in-view to disable this warning
2026-01-19 14:35:24 [INFO] [] [:] o.a.coyote.http11.Http11NioProtocol - Starting ProtocolHandler ["http-nio-8080"]
2026-01-19 14:35:24 [INFO] [] [:] c.webapp.demo_app.DemoAppApplication - Started DemoAppApplication in 0.688 seconds (process running for 218.779)
2026-01-19 14:35:25 [INFO] [] [:] o.a.c.c.C.[Tomcat-1].[localhost].[/] - Initializing Spring DispatcherServlet 'dispatcherServlet'
2026-01-19 14:35:32 [INFO] [ROLE_EMPLOYEE] [Muhammet:5] c.w.d.controller.EmployeeController - Availability submission requested
2026-01-19 14:35:32 [WARN] [ROLE_EMPLOYEE] [Muhammet:5] c.w.d.controller.EmployeeController - Availability validation failed: Bu hafta için en az 5 gün ve en az 4 saat seçmelisiniz. Şu anda 4 gün seçilmiş. 1 gün eksik.
2026-01-19 14:37:01 [INFO] [ROLE_EMPLOYEE] [Muhammet:5] c.w.d.controller.EmployeeController - Employee dashboard accessed
2026-01-19 14:37:02 [INFO] [] [:] o.a.coyote.http11.Http11NioProtocol - Pausing ProtocolHandler ["http-nio-8080"]
2026-01-19 14:37:02 [INFO] [] [:] o.a.coyote.http11.Http11NioProtocol - Stopping ProtocolHandler ["http-nio-8080"]
2026-01-19 14:37:02 [INFO] [] [:] com.zaxxer.hikari.HikariDataSource - HikariPool-5 - Shutdown initiated...
2026-01-19 14:37:02 [INFO] [] [:] com.zaxxer.hikari.HikariDataSource - HikariPool-5 - Shutdown completed.
2026-01-19 14:37:02 [INFO] [] [:] c.webapp.demo_app.DemoAppApplication - Starting DemoAppApplication using Java 21.0.3 with PID 12924 (C:\Users\coder\Desktop\demo_app\target\classes started by coder in C:\Users\coder\Desktop\demo_app)
2026-01-19 14:37:02 [INFO] [] [:] c.webapp.demo_app.DemoAppApplication - The following 1 profile is active: "local"
2026-01-19 14:37:02 [INFO] [] [:] o.a.coyote.http11.Http11NioProtocol - Initializing ProtocolHandler ["http-nio-8080"]
2026-01-19 14:37:02 [INFO] [] [:] o.a.catalina.core.StandardService - Starting service [Tomcat]
2026-01-19 14:37:02 [INFO] [] [:] o.a.catalina.core.StandardEngine - Starting Servlet engine: [Apache Tomcat/11.0.15]
2026-01-19 14:37:03 [INFO] [] [:] com.zaxxer.hikari.HikariDataSource - HikariPool-6 - Starting...
2026-01-19 14:37:03 [INFO] [] [:] com.zaxxer.hikari.pool.HikariPool - HikariPool-6 - Added connection org.postgresql.jdbc.PgConnection@3617c45b
2026-01-19 14:37:03 [INFO] [] [:] com.zaxxer.hikari.HikariDataSource - HikariPool-6 - Start completed.
2026-01-19 14:37:03 [WARN] [] [:] o.s.b.w.s.s.c.AnnotationConfigServletWebServerApplicationContext - Exception encountered during context initialization - cancelling refresh attempt: org.springframework.beans.factory.UnsatisfiedDependencyException: Error creating bean with name 'availabilityCleanupScheduler' defined in file [C:\Users\coder\Desktop\demo_app\target\classes\com\webapp\demo_app\config\AvailabilityCleanupScheduler.class]: Unsatisfied dependency expressed through constructor parameter 0: No qualifying bean of type 'com.webapp.demo_app.service.AvailabilityService' available: expected at least 1 bean which qualifies as autowire candidate. Dependency annotations: {}
2026-01-19 14:37:03 [INFO] [] [:] com.zaxxer.hikari.HikariDataSource - HikariPool-6 - Shutdown initiated...
2026-01-19 14:37:03 [INFO] [] [:] com.zaxxer.hikari.HikariDataSource - HikariPool-6 - Shutdown completed.
2026-01-19 14:37:03 [INFO] [] [:] o.a.catalina.core.StandardService - Stopping service [Tomcat]
2026-01-19 14:37:03 [ERROR] [] [:] o.s.b.d.LoggingFailureAnalysisReporter - 

***************************
APPLICATION FAILED TO START
***************************

Description:

Parameter 0 of constructor in com.webapp.demo_app.config.AvailabilityCleanupScheduler required a bean of type 'com.webapp.demo_app.service.AvailabilityService' that could not be found.


Action:

Consider defining a bean of type 'com.webapp.demo_app.service.AvailabilityService' in your configuration.

2026-01-19 14:37:04 [INFO] [] [:] c.webapp.demo_app.DemoAppApplication - Starting DemoAppApplication using Java 21.0.3 with PID 12924 (C:\Users\coder\Desktop\demo_app\target\classes started by coder in C:\Users\coder\Desktop\demo_app)
2026-01-19 14:37:04 [INFO] [] [:] c.webapp.demo_app.DemoAppApplication - The following 1 profile is active: "local"
2026-01-19 14:37:04 [INFO] [] [:] o.a.coyote.http11.Http11NioProtocol - Initializing ProtocolHandler ["http-nio-8080"]
2026-01-19 14:37:04 [INFO] [] [:] o.a.catalina.core.StandardService - Starting service [Tomcat]
2026-01-19 14:37:04 [INFO] [] [:] o.a.catalina.core.StandardEngine - Starting Servlet engine: [Apache Tomcat/11.0.15]
2026-01-19 14:37:04 [INFO] [] [:] com.zaxxer.hikari.HikariDataSource - HikariPool-7 - Starting...
2026-01-19 14:37:05 [INFO] [] [:] com.zaxxer.hikari.pool.HikariPool - HikariPool-7 - Added connection org.postgresql.jdbc.PgConnection@5c84baa2
2026-01-19 14:37:05 [INFO] [] [:] com.zaxxer.hikari.HikariDataSource - HikariPool-7 - Start completed.
2026-01-19 14:37:05 [WARN] [] [:] o.s.b.j.a.JpaBaseConfiguration$JpaWebConfiguration - spring.jpa.open-in-view is enabled by default. Therefore, database queries may be performed during view rendering. Explicitly configure spring.jpa.open-in-view to disable this warning
2026-01-19 14:37:05 [INFO] [] [:] o.a.coyote.http11.Http11NioProtocol - Starting ProtocolHandler ["http-nio-8080"]
2026-01-19 14:37:05 [INFO] [] [:] c.webapp.demo_app.DemoAppApplication - Started DemoAppApplication in 0.725 seconds (process running for 319.278)
2026-01-19 14:37:10 [INFO] [] [:] o.a.c.c.C.[Tomcat-2].[localhost].[/] - Initializing Spring DispatcherServlet 'dispatcherServlet'
2026-01-19 14:37:10 [INFO] [ROLE_EMPLOYEE] [Muhammet:5] c.w.d.controller.EmployeeController - Availability submission requested
2026-01-19 14:37:10 [WARN] [ROLE_EMPLOYEE] [Muhammet:5] c.w.d.controller.EmployeeController - Availability validation failed: Bu hafta için en az 5 gün seçmelisiniz ve her gün için en az 4 birleşik bloklar saat seçmelisiniz.Şu anda 4 gün seçilmiş. 1 gün eksik.
2026-01-19 14:38:23 [INFO] [] [:] o.a.coyote.http11.Http11NioProtocol - Pausing ProtocolHandler ["http-nio-8080"]
2026-01-19 14:38:23 [INFO] [] [:] o.a.coyote.http11.Http11NioProtocol - Stopping ProtocolHandler ["http-nio-8080"]
2026-01-19 14:38:23 [INFO] [] [:] com.zaxxer.hikari.HikariDataSource - HikariPool-7 - Shutdown initiated...
2026-01-19 14:38:23 [INFO] [] [:] com.zaxxer.hikari.HikariDataSource - HikariPool-7 - Shutdown completed.
2026-01-19 14:38:23 [INFO] [] [:] c.webapp.demo_app.DemoAppApplication - Starting DemoAppApplication using Java 21.0.3 with PID 12924 (C:\Users\coder\Desktop\demo_app\target\classes started by coder in C:\Users\coder\Desktop\demo_app)
2026-01-19 14:38:23 [INFO] [] [:] c.webapp.demo_app.DemoAppApplication - The following 1 profile is active: "local"
2026-01-19 14:38:23 [INFO] [] [:] o.a.coyote.http11.Http11NioProtocol - Initializing ProtocolHandler ["http-nio-8080"]
2026-01-19 14:38:23 [INFO] [] [:] o.a.catalina.core.StandardService - Starting service [Tomcat]
2026-01-19 14:38:23 [INFO] [] [:] o.a.catalina.core.StandardEngine - Starting Servlet engine: [Apache Tomcat/11.0.15]
2026-01-19 14:38:24 [INFO] [] [:] com.zaxxer.hikari.HikariDataSource - HikariPool-8 - Starting...
2026-01-19 14:38:24 [INFO] [] [:] com.zaxxer.hikari.pool.HikariPool - HikariPool-8 - Added connection org.postgresql.jdbc.PgConnection@589ce2bd
2026-01-19 14:38:24 [INFO] [] [:] com.zaxxer.hikari.HikariDataSource - HikariPool-8 - Start completed.
2026-01-19 14:38:24 [WARN] [] [:] o.s.b.j.a.JpaBaseConfiguration$JpaWebConfiguration - spring.jpa.open-in-view is enabled by default. Therefore, database queries may be performed during view rendering. Explicitly configure spring.jpa.open-in-view to disable this warning
2026-01-19 14:38:24 [INFO] [] [:] o.a.coyote.http11.Http11NioProtocol - Starting ProtocolHandler ["http-nio-8080"]
2026-01-19 14:38:24 [INFO] [] [:] c.webapp.demo_app.DemoAppApplication - Started DemoAppApplication in 0.841 seconds (process running for 398.269)
2026-01-19 14:39:10 [INFO] [] [:] o.a.coyote.http11.Http11NioProtocol - Pausing ProtocolHandler ["http-nio-8080"]
2026-01-19 14:39:10 [INFO] [] [:] o.a.coyote.http11.Http11NioProtocol - Stopping ProtocolHandler ["http-nio-8080"]
2026-01-19 14:39:10 [INFO] [] [:] com.zaxxer.hikari.HikariDataSource - HikariPool-8 - Shutdown initiated...
2026-01-19 14:39:10 [INFO] [] [:] com.zaxxer.hikari.HikariDataSource - HikariPool-8 - Shutdown completed.
2026-01-19 14:39:11 [INFO] [] [:] c.webapp.demo_app.DemoAppApplication - Starting DemoAppApplication using Java 21.0.3 with PID 12924 (C:\Users\coder\Desktop\demo_app\target\classes started by coder in C:\Users\coder\Desktop\demo_app)
2026-01-19 14:39:11 [INFO] [] [:] c.webapp.demo_app.DemoAppApplication - The following 1 profile is active: "local"
2026-01-19 14:39:11 [INFO] [] [:] o.a.coyote.http11.Http11NioProtocol - Initializing ProtocolHandler ["http-nio-8080"]
2026-01-19 14:39:11 [INFO] [] [:] o.a.catalina.core.StandardService - Starting service [Tomcat]
2026-01-19 14:39:11 [INFO] [] [:] o.a.catalina.core.StandardEngine - Starting Servlet engine: [Apache Tomcat/11.0.15]
2026-01-19 14:39:11 [INFO] [] [:] com.zaxxer.hikari.HikariDataSource - HikariPool-9 - Starting...
2026-01-19 14:39:11 [INFO] [] [:] com.zaxxer.hikari.pool.HikariPool - HikariPool-9 - Added connection org.postgresql.jdbc.PgConnection@c8a80f9
2026-01-19 14:39:11 [INFO] [] [:] com.zaxxer.hikari.HikariDataSource - HikariPool-9 - Start completed.
2026-01-19 14:39:11 [WARN] [] [:] o.s.b.w.s.s.c.AnnotationConfigServletWebServerApplicationContext - Exception encountered during context initialization - cancelling refresh attempt: org.springframework.beans.factory.UnsatisfiedDependencyException: Error creating bean with name 'availabilityCleanupScheduler' defined in file [C:\Users\coder\Desktop\demo_app\target\classes\com\webapp\demo_app\config\AvailabilityCleanupScheduler.class]: Unsatisfied dependency expressed through constructor parameter 0: No qualifying bean of type 'com.webapp.demo_app.service.AvailabilityService' available: expected at least 1 bean which qualifies as autowire candidate. Dependency annotations: {}
2026-01-19 14:39:11 [INFO] [] [:] com.zaxxer.hikari.HikariDataSource - HikariPool-9 - Shutdown initiated...
2026-01-19 14:39:11 [INFO] [] [:] com.zaxxer.hikari.HikariDataSource - HikariPool-9 - Shutdown completed.
2026-01-19 14:39:11 [INFO] [] [:] o.a.catalina.core.StandardService - Stopping service [Tomcat]
2026-01-19 14:39:11 [ERROR] [] [:] o.s.b.d.LoggingFailureAnalysisReporter - 

***************************
APPLICATION FAILED TO START
***************************

Description:

Parameter 0 of constructor in com.webapp.demo_app.config.AvailabilityCleanupScheduler required a bean of type 'com.webapp.demo_app.service.AvailabilityService' that could not be found.


Action:

Consider defining a bean of type 'com.webapp.demo_app.service.AvailabilityService' in your configuration.

2026-01-19 14:39:13 [INFO] [] [:] c.webapp.demo_app.DemoAppApplication - Starting DemoAppApplication using Java 21.0.3 with PID 12924 (C:\Users\coder\Desktop\demo_app\target\classes started by coder in C:\Users\coder\Desktop\demo_app)
2026-01-19 14:39:13 [INFO] [] [:] c.webapp.demo_app.DemoAppApplication - The following 1 profile is active: "local"
2026-01-19 14:39:13 [INFO] [] [:] o.a.coyote.http11.Http11NioProtocol - Initializing ProtocolHandler ["http-nio-8080"]
2026-01-19 14:39:13 [INFO] [] [:] o.a.catalina.core.StandardService - Starting service [Tomcat]
2026-01-19 14:39:13 [INFO] [] [:] o.a.catalina.core.StandardEngine - Starting Servlet engine: [Apache Tomcat/11.0.15]
2026-01-19 14:39:13 [INFO] [] [:] com.zaxxer.hikari.HikariDataSource - HikariPool-10 - Starting...
2026-01-19 14:39:13 [INFO] [] [:] com.zaxxer.hikari.pool.HikariPool - HikariPool-10 - Added connection org.postgresql.jdbc.PgConnection@42a95b5a
2026-01-19 14:39:13 [INFO] [] [:] com.zaxxer.hikari.HikariDataSource - HikariPool-10 - Start completed.
2026-01-19 14:39:13 [WARN] [] [:] o.s.b.j.a.JpaBaseConfiguration$JpaWebConfiguration - spring.jpa.open-in-view is enabled by default. Therefore, database queries may be performed during view rendering. Explicitly configure spring.jpa.open-in-view to disable this warning
2026-01-19 14:39:13 [INFO] [] [:] o.a.coyote.http11.Http11NioProtocol - Starting ProtocolHandler ["http-nio-8080"]
2026-01-19 14:39:13 [INFO] [] [:] c.webapp.demo_app.DemoAppApplication - Started DemoAppApplication in 0.648 seconds (process running for 447.587)
2026-01-19 14:39:13 [INFO] [] [:] o.a.c.c.C.[Tomcat-3].[localhost].[/] - Initializing Spring DispatcherServlet 'dispatcherServlet'
2026-01-19 14:39:13 [INFO] [ROLE_EMPLOYEE] [Muhammet:5] c.w.d.controller.EmployeeController - Employee dashboard accessed
2026-01-19 14:39:21 [INFO] [ROLE_EMPLOYEE] [Muhammet:5] c.w.d.controller.EmployeeController - Availability submission requested
2026-01-19 14:39:21 [WARN] [ROLE_EMPLOYEE] [Muhammet:5] c.w.d.controller.EmployeeController - Availability validation failed: Bu hafta için en az 5 gün seçmeli ve her gün için en az 4 saat yan yana müsaitlik belirtmelisiniz. Şu anda 4 gün geçerli. 1 gün daha eklemeniz gerekiyor.
2026-01-19 14:39:38 [INFO] [ROLE_EMPLOYEE] [Muhammet:5] c.w.d.controller.EmployeeController - Availability submission requested
2026-01-19 14:39:38 [INFO] [ROLE_EMPLOYEE] [Muhammet:5] c.w.d.controller.EmployeeController - Availability saved successfully
2026-01-19 14:39:50 [INFO] [ROLE_EMPLOYEE] [Muhammet:5] c.w.d.controller.EmployeeController - Availability submission requested
2026-01-19 14:39:50 [WARN] [ROLE_EMPLOYEE] [Muhammet:5] c.w.d.controller.EmployeeController - Availability validation failed: Bu hafta için en az 5 gün seçmeli ve her gün için en az 4 saat yan yana müsaitlik belirtmelisiniz. Şu anda 4 gün geçerli. 1 gün daha eklemeniz gerekiyor.
2026-01-19 14:39:59 [INFO] [ROLE_EMPLOYEE] [Muhammet:5] c.w.d.controller.EmployeeController - Availability submission requested
2026-01-19 14:39:59 [INFO] [ROLE_EMPLOYEE] [Muhammet:5] c.w.d.controller.EmployeeController - Availability saved successfully
2026-01-19 14:40:20 [INFO] [ROLE_EMPLOYEE] [Muhammet:5] c.w.d.controller.EmployeeController - Employee dashboard accessed
2026-01-19 14:40:27 [INFO] [ROLE_EMPLOYEE] [Muhammet:5] c.w.d.controller.EmployeeController - Current jobs viewed
2026-01-19 14:40:27 [INFO] [ROLE_EMPLOYEE] [Muhammet:5] c.w.d.controller.EmployeeController - Employee dashboard accessed
2026-01-19 14:40:28 [INFO] [ROLE_EMPLOYEE] [Muhammet:5] c.w.d.controller.EmployeeController - Employee dashboard accessed
2026-01-19 14:40:36 [INFO] [] [:] com.zaxxer.hikari.HikariDataSource - HikariPool-10 - Shutdown initiated...
2026-01-19 14:40:36 [INFO] [] [:] com.zaxxer.hikari.HikariDataSource - HikariPool-10 - Shutdown completed.
